Schedule 1 (Max chunk time: 30.70 ms):
  Stages 1-3: big (threads=2, time=25.41 ms)
  Stages 4-6: gpu (threads=0, time=23.54 ms)
  Stages 7-7: medium (threads=2, time=30.70 ms)
  Stages 8-9: little (threads=4, time=0.12 ms)

Schedule 2 (Max chunk time: 30.70 ms):
  Stages 1-4: big (threads=2, time=25.53 ms)
  Stages 5-6: gpu (threads=0, time=22.78 ms)
  Stages 7-7: medium (threads=2, time=30.70 ms)
  Stages 8-9: little (threads=4, time=0.12 ms)

Schedule 3 (Max chunk time: 30.75 ms):
  Stages 1-3: big (threads=2, time=25.41 ms)
  Stages 4-6: gpu (threads=0, time=23.54 ms)
  Stages 7-8: medium (threads=2, time=30.75 ms)
  Stages 9-9: little (threads=4, time=0.05 ms)

Schedule 4 (Max chunk time: 30.75 ms):
  Stages 1-4: big (threads=2, time=25.53 ms)
  Stages 5-6: gpu (threads=0, time=22.78 ms)
  Stages 7-8: medium (threads=2, time=30.75 ms)
  Stages 9-9: little (threads=4, time=0.05 ms)

Schedule 5 (Max chunk time: 30.77 ms):
  Stages 1-3: big (threads=2, time=25.41 ms)
  Stages 4-6: gpu (threads=0, time=23.54 ms)
  Stages 7-9: medium (threads=2, time=30.77 ms)

Schedule 6 (Max chunk time: 30.77 ms):
  Stages 1-4: big (threads=2, time=25.53 ms)
  Stages 5-6: gpu (threads=0, time=22.78 ms)
  Stages 7-9: medium (threads=2, time=30.77 ms)

Schedule 7 (Max chunk time: 30.77 ms):
  Stages 1-1: little (threads=4, time=4.23 ms)
  Stages 2-3: big (threads=2, time=23.83 ms)
  Stages 4-6: gpu (threads=0, time=23.54 ms)
  Stages 7-9: medium (threads=2, time=30.77 ms)

Schedule 8 (Max chunk time: 30.77 ms):
  Stages 1-1: little (threads=4, time=4.23 ms)
  Stages 2-4: big (threads=2, time=23.95 ms)
  Stages 5-6: gpu (threads=0, time=22.78 ms)
  Stages 7-9: medium (threads=2, time=30.77 ms)

Schedule 9 (Max chunk time: 30.77 ms):
  Stages 1-2: little (threads=4, time=4.52 ms)
  Stages 3-3: big (threads=2, time=23.60 ms)
  Stages 4-6: gpu (threads=0, time=23.54 ms)
  Stages 7-9: medium (threads=2, time=30.77 ms)

Schedule 10 (Max chunk time: 30.77 ms):
  Stages 1-2: little (threads=4, time=4.52 ms)
  Stages 3-4: big (threads=2, time=23.71 ms)
  Stages 5-6: gpu (threads=0, time=22.78 ms)
  Stages 7-9: medium (threads=2, time=30.77 ms)

Schedule 11 (Max chunk time: 30.77 ms):
  Stages 1-3: big (threads=2, time=25.41 ms)
  Stages 4-4: little (threads=4, time=0.21 ms)
  Stages 5-6: gpu (threads=0, time=22.78 ms)
  Stages 7-9: medium (threads=2, time=30.77 ms)

Schedule 12 (Max chunk time: 31.20 ms):
  Stages 1-4: big (threads=2, time=25.53 ms)
  Stages 5-5: medium (threads=2, time=31.20 ms)
  Stages 6-7: gpu (threads=0, time=24.00 ms)
  Stages 8-9: little (threads=4, time=0.12 ms)

Schedule 13 (Max chunk time: 31.20 ms):
  Stages 1-4: big (threads=2, time=25.53 ms)
  Stages 5-5: medium (threads=2, time=31.20 ms)
  Stages 6-8: gpu (threads=0, time=24.72 ms)
  Stages 9-9: little (threads=4, time=0.05 ms)

Schedule 14 (Max chunk time: 31.31 ms):
  Stages 1-3: big (threads=2, time=25.41 ms)
  Stages 4-5: medium (threads=2, time=31.31 ms)
  Stages 6-7: gpu (threads=0, time=24.00 ms)
  Stages 8-9: little (threads=4, time=0.12 ms)

Schedule 15 (Max chunk time: 31.31 ms):
  Stages 1-3: big (threads=2, time=25.41 ms)
  Stages 4-5: medium (threads=2, time=31.31 ms)
  Stages 6-8: gpu (threads=0, time=24.72 ms)
  Stages 9-9: little (threads=4, time=0.05 ms)

Schedule 16 (Max chunk time: 32.23 ms):
  Stages 1-2: little (threads=4, time=4.52 ms)
  Stages 3-6: gpu (threads=0, time=32.23 ms)
  Stages 7-9: medium (threads=2, time=30.77 ms)

Schedule 17 (Max chunk time: 32.23 ms):
  Stages 1-2: big (threads=2, time=1.81 ms)
  Stages 3-6: gpu (threads=0, time=32.23 ms)
  Stages 7-9: medium (threads=2, time=30.77 ms)

Schedule 18 (Max chunk time: 32.23 ms):
  Stages 1-1: little (threads=4, time=4.23 ms)
  Stages 2-2: big (threads=2, time=0.23 ms)
  Stages 3-6: gpu (threads=0, time=32.23 ms)
  Stages 7-9: medium (threads=2, time=30.77 ms)

Schedule 19 (Max chunk time: 32.23 ms):
  Stages 1-1: big (threads=2, time=1.58 ms)
  Stages 2-2: little (threads=4, time=0.29 ms)
  Stages 3-6: gpu (threads=0, time=32.23 ms)
  Stages 7-9: medium (threads=2, time=30.77 ms)

Schedule 20 (Max chunk time: 32.23 ms):
  Stages 1-2: little (threads=4, time=4.52 ms)
  Stages 3-6: gpu (threads=0, time=32.23 ms)
  Stages 7-7: medium (threads=2, time=30.70 ms)
  Stages 8-9: big (threads=2, time=0.06 ms)

Schedule 21 (Max chunk time: 32.23 ms):
  Stages 1-2: big (threads=2, time=1.81 ms)
  Stages 3-6: gpu (threads=0, time=32.23 ms)
  Stages 7-7: medium (threads=2, time=30.70 ms)
  Stages 8-9: little (threads=4, time=0.12 ms)

Schedule 22 (Max chunk time: 32.23 ms):
  Stages 1-2: little (threads=4, time=4.52 ms)
  Stages 3-6: gpu (threads=0, time=32.23 ms)
  Stages 7-8: medium (threads=2, time=30.75 ms)
  Stages 9-9: big (threads=2, time=0.02 ms)

Schedule 23 (Max chunk time: 32.23 ms):
  Stages 1-2: big (threads=2, time=1.81 ms)
  Stages 3-6: gpu (threads=0, time=32.23 ms)
  Stages 7-8: medium (threads=2, time=30.75 ms)
  Stages 9-9: little (threads=4, time=0.05 ms)

Schedule 24 (Max chunk time: 32.98 ms):
  Stages 1-1: little (threads=4, time=4.23 ms)
  Stages 2-6: gpu (threads=0, time=32.98 ms)
  Stages 7-9: medium (threads=2, time=30.77 ms)

Schedule 25 (Max chunk time: 32.98 ms):
  Stages 1-1: big (threads=2, time=1.58 ms)
  Stages 2-6: gpu (threads=0, time=32.98 ms)
  Stages 7-9: medium (threads=2, time=30.77 ms)

Schedule 26 (Max chunk time: 32.98 ms):
  Stages 1-1: little (threads=4, time=4.23 ms)
  Stages 2-6: gpu (threads=0, time=32.98 ms)
  Stages 7-7: medium (threads=2, time=30.70 ms)
  Stages 8-9: big (threads=2, time=0.06 ms)

Schedule 27 (Max chunk time: 32.98 ms):
  Stages 1-1: big (threads=2, time=1.58 ms)
  Stages 2-6: gpu (threads=0, time=32.98 ms)
  Stages 7-7: medium (threads=2, time=30.70 ms)
  Stages 8-9: little (threads=4, time=0.12 ms)

Schedule 28 (Max chunk time: 32.98 ms):
  Stages 1-1: little (threads=4, time=4.23 ms)
  Stages 2-6: gpu (threads=0, time=32.98 ms)
  Stages 7-8: medium (threads=2, time=30.75 ms)
  Stages 9-9: big (threads=2, time=0.02 ms)

Schedule 29 (Max chunk time: 32.98 ms):
  Stages 1-1: big (threads=2, time=1.58 ms)
  Stages 2-6: gpu (threads=0, time=32.98 ms)
  Stages 7-8: medium (threads=2, time=30.75 ms)
  Stages 9-9: little (threads=4, time=0.05 ms)

Schedule 30 (Max chunk time: 33.10 ms):
  Stages 1-1: little (threads=4, time=4.23 ms)
  Stages 2-6: gpu (threads=0, time=32.98 ms)
  Stages 7-7: big (threads=2, time=33.10 ms)
  Stages 8-9: medium (threads=2, time=0.07 ms)

Schedule 31 (Max chunk time: 33.10 ms):
  Stages 1-1: medium (threads=2, time=1.48 ms)
  Stages 2-6: gpu (threads=0, time=32.98 ms)
  Stages 7-7: big (threads=2, time=33.10 ms)
  Stages 8-9: little (threads=4, time=0.12 ms)

Schedule 32 (Max chunk time: 33.10 ms):
  Stages 1-2: little (threads=4, time=4.52 ms)
  Stages 3-6: gpu (threads=0, time=32.23 ms)
  Stages 7-7: big (threads=2, time=33.10 ms)
  Stages 8-9: medium (threads=2, time=0.07 ms)

Schedule 33 (Max chunk time: 33.10 ms):
  Stages 1-2: medium (threads=2, time=1.72 ms)
  Stages 3-6: gpu (threads=0, time=32.23 ms)
  Stages 7-7: big (threads=2, time=33.10 ms)
  Stages 8-9: little (threads=4, time=0.12 ms)

Schedule 34 (Max chunk time: 33.10 ms):
  Stages 1-3: medium (threads=2, time=22.52 ms)
  Stages 4-6: gpu (threads=0, time=23.54 ms)
  Stages 7-7: big (threads=2, time=33.10 ms)
  Stages 8-9: little (threads=4, time=0.12 ms)

Schedule 35 (Max chunk time: 33.10 ms):
  Stages 1-4: medium (threads=2, time=22.64 ms)
  Stages 5-6: gpu (threads=0, time=22.78 ms)
  Stages 7-7: big (threads=2, time=33.10 ms)
  Stages 8-9: little (threads=4, time=0.12 ms)

Schedule 36 (Max chunk time: 33.14 ms):
  Stages 1-1: little (threads=4, time=4.23 ms)
  Stages 2-6: gpu (threads=0, time=32.98 ms)
  Stages 7-8: big (threads=2, time=33.14 ms)
  Stages 9-9: medium (threads=2, time=0.02 ms)

Schedule 37 (Max chunk time: 33.14 ms):
  Stages 1-1: medium (threads=2, time=1.48 ms)
  Stages 2-6: gpu (threads=0, time=32.98 ms)
  Stages 7-8: big (threads=2, time=33.14 ms)
  Stages 9-9: little (threads=4, time=0.05 ms)

Schedule 38 (Max chunk time: 33.14 ms):
  Stages 1-2: little (threads=4, time=4.52 ms)
  Stages 3-6: gpu (threads=0, time=32.23 ms)
  Stages 7-8: big (threads=2, time=33.14 ms)
  Stages 9-9: medium (threads=2, time=0.02 ms)

Schedule 39 (Max chunk time: 33.14 ms):
  Stages 1-2: medium (threads=2, time=1.72 ms)
  Stages 3-6: gpu (threads=0, time=32.23 ms)
  Stages 7-8: big (threads=2, time=33.14 ms)
  Stages 9-9: little (threads=4, time=0.05 ms)

Schedule 40 (Max chunk time: 33.14 ms):
  Stages 1-3: medium (threads=2, time=22.52 ms)
  Stages 4-6: gpu (threads=0, time=23.54 ms)
  Stages 7-8: big (threads=2, time=33.14 ms)
  Stages 9-9: little (threads=4, time=0.05 ms)

Schedule 41 (Max chunk time: 33.14 ms):
  Stages 1-4: medium (threads=2, time=22.64 ms)
  Stages 5-6: gpu (threads=0, time=22.78 ms)
  Stages 7-8: big (threads=2, time=33.14 ms)
  Stages 9-9: little (threads=4, time=0.05 ms)

Schedule 42 (Max chunk time: 33.16 ms):
  Stages 1-1: little (threads=4, time=4.23 ms)
  Stages 2-6: gpu (threads=0, time=32.98 ms)
  Stages 7-9: big (threads=2, time=33.16 ms)

Schedule 43 (Max chunk time: 33.16 ms):
  Stages 1-1: medium (threads=2, time=1.48 ms)
  Stages 2-6: gpu (threads=0, time=32.98 ms)
  Stages 7-9: big (threads=2, time=33.16 ms)

Schedule 44 (Max chunk time: 33.16 ms):
  Stages 1-2: little (threads=4, time=4.52 ms)
  Stages 3-6: gpu (threads=0, time=32.23 ms)
  Stages 7-9: big (threads=2, time=33.16 ms)

Schedule 45 (Max chunk time: 33.16 ms):
  Stages 1-2: medium (threads=2, time=1.72 ms)
  Stages 3-6: gpu (threads=0, time=32.23 ms)
  Stages 7-9: big (threads=2, time=33.16 ms)

Schedule 46 (Max chunk time: 33.16 ms):
  Stages 1-3: medium (threads=2, time=22.52 ms)
  Stages 4-6: gpu (threads=0, time=23.54 ms)
  Stages 7-9: big (threads=2, time=33.16 ms)

Schedule 47 (Max chunk time: 33.16 ms):
  Stages 1-4: medium (threads=2, time=22.64 ms)
  Stages 5-6: gpu (threads=0, time=22.78 ms)
  Stages 7-9: big (threads=2, time=33.16 ms)

Schedule 48 (Max chunk time: 33.16 ms):
  Stages 1-1: little (threads=4, time=4.23 ms)
  Stages 2-2: medium (threads=2, time=0.24 ms)
  Stages 3-6: gpu (threads=0, time=32.23 ms)
  Stages 7-9: big (threads=2, time=33.16 ms)

Schedule 49 (Max chunk time: 33.16 ms):
  Stages 1-1: medium (threads=2, time=1.48 ms)
  Stages 2-2: little (threads=4, time=0.29 ms)
  Stages 3-6: gpu (threads=0, time=32.23 ms)
  Stages 7-9: big (threads=2, time=33.16 ms)

Schedule 50 (Max chunk time: 33.16 ms):
  Stages 1-1: little (threads=4, time=4.23 ms)
  Stages 2-3: medium (threads=2, time=21.04 ms)
  Stages 4-6: gpu (threads=0, time=23.54 ms)
  Stages 7-9: big (threads=2, time=33.16 ms)

Schedule 51 (Max chunk time: 33.16 ms):
  Stages 1-1: little (threads=4, time=4.23 ms)
  Stages 2-4: medium (threads=2, time=21.16 ms)
  Stages 5-6: gpu (threads=0, time=22.78 ms)
  Stages 7-9: big (threads=2, time=33.16 ms)

Schedule 52 (Max chunk time: 33.16 ms):
  Stages 1-2: little (threads=4, time=4.52 ms)
  Stages 3-3: medium (threads=2, time=20.80 ms)
  Stages 4-6: gpu (threads=0, time=23.54 ms)
  Stages 7-9: big (threads=2, time=33.16 ms)

Schedule 53 (Max chunk time: 33.16 ms):
  Stages 1-2: little (threads=4, time=4.52 ms)
  Stages 3-4: medium (threads=2, time=20.91 ms)
  Stages 5-6: gpu (threads=0, time=22.78 ms)
  Stages 7-9: big (threads=2, time=33.16 ms)

Schedule 54 (Max chunk time: 33.16 ms):
  Stages 1-3: medium (threads=2, time=22.52 ms)
  Stages 4-4: little (threads=4, time=0.21 ms)
  Stages 5-6: gpu (threads=0, time=22.78 ms)
  Stages 7-9: big (threads=2, time=33.16 ms)

Schedule 55 (Max chunk time: 33.38 ms):
  Stages 1-4: medium (threads=2, time=22.64 ms)
  Stages 5-7: gpu (threads=0, time=33.38 ms)
  Stages 8-9: little (threads=4, time=0.12 ms)

Schedule 56 (Max chunk time: 33.38 ms):
  Stages 1-4: medium (threads=2, time=22.64 ms)
  Stages 5-7: gpu (threads=0, time=33.38 ms)
  Stages 8-9: big (threads=2, time=0.06 ms)

Schedule 57 (Max chunk time: 33.38 ms):
  Stages 1-4: big (threads=2, time=25.53 ms)
  Stages 5-7: gpu (threads=0, time=33.38 ms)
  Stages 8-9: little (threads=4, time=0.12 ms)

Schedule 58 (Max chunk time: 33.38 ms):
  Stages 1-4: big (threads=2, time=25.53 ms)
  Stages 5-7: gpu (threads=0, time=33.38 ms)
  Stages 8-9: medium (threads=2, time=0.07 ms)

Schedule 59 (Max chunk time: 33.38 ms):
  Stages 1-1: little (threads=4, time=4.23 ms)
  Stages 2-4: medium (threads=2, time=21.16 ms)
  Stages 5-7: gpu (threads=0, time=33.38 ms)
  Stages 8-9: big (threads=2, time=0.06 ms)

Schedule 60 (Max chunk time: 33.38 ms):
  Stages 1-1: little (threads=4, time=4.23 ms)
  Stages 2-4: big (threads=2, time=23.95 ms)
  Stages 5-7: gpu (threads=0, time=33.38 ms)
  Stages 8-9: medium (threads=2, time=0.07 ms)

Schedule 61 (Max chunk time: 33.38 ms):
  Stages 1-1: medium (threads=2, time=1.48 ms)
  Stages 2-4: big (threads=2, time=23.95 ms)
  Stages 5-7: gpu (threads=0, time=33.38 ms)
  Stages 8-9: little (threads=4, time=0.12 ms)

Schedule 62 (Max chunk time: 33.38 ms):
  Stages 1-1: big (threads=2, time=1.58 ms)
  Stages 2-4: medium (threads=2, time=21.16 ms)
  Stages 5-7: gpu (threads=0, time=33.38 ms)
  Stages 8-9: little (threads=4, time=0.12 ms)

Schedule 63 (Max chunk time: 33.38 ms):
  Stages 1-2: little (threads=4, time=4.52 ms)
  Stages 3-4: medium (threads=2, time=20.91 ms)
  Stages 5-7: gpu (threads=0, time=33.38 ms)
  Stages 8-9: big (threads=2, time=0.06 ms)

Schedule 64 (Max chunk time: 33.38 ms):
  Stages 1-2: little (threads=4, time=4.52 ms)
  Stages 3-4: big (threads=2, time=23.71 ms)
  Stages 5-7: gpu (threads=0, time=33.38 ms)
  Stages 8-9: medium (threads=2, time=0.07 ms)

Schedule 65 (Max chunk time: 33.38 ms):
  Stages 1-2: medium (threads=2, time=1.72 ms)
  Stages 3-4: big (threads=2, time=23.71 ms)
  Stages 5-7: gpu (threads=0, time=33.38 ms)
  Stages 8-9: little (threads=4, time=0.12 ms)

Schedule 66 (Max chunk time: 33.38 ms):
  Stages 1-2: big (threads=2, time=1.81 ms)
  Stages 3-4: medium (threads=2, time=20.91 ms)
  Stages 5-7: gpu (threads=0, time=33.38 ms)
  Stages 8-9: little (threads=4, time=0.12 ms)

Schedule 67 (Max chunk time: 33.38 ms):
  Stages 1-3: medium (threads=2, time=22.52 ms)
  Stages 4-4: little (threads=4, time=0.21 ms)
  Stages 5-7: gpu (threads=0, time=33.38 ms)
  Stages 8-9: big (threads=2, time=0.06 ms)

Schedule 68 (Max chunk time: 33.38 ms):
  Stages 1-3: medium (threads=2, time=22.52 ms)
  Stages 4-4: big (threads=2, time=0.12 ms)
  Stages 5-7: gpu (threads=0, time=33.38 ms)
  Stages 8-9: little (threads=4, time=0.12 ms)

Schedule 69 (Max chunk time: 33.38 ms):
  Stages 1-3: big (threads=2, time=25.41 ms)
  Stages 4-4: little (threads=4, time=0.21 ms)
  Stages 5-7: gpu (threads=0, time=33.38 ms)
  Stages 8-9: medium (threads=2, time=0.07 ms)

Schedule 70 (Max chunk time: 33.38 ms):
  Stages 1-3: big (threads=2, time=25.41 ms)
  Stages 4-4: medium (threads=2, time=0.11 ms)
  Stages 5-7: gpu (threads=0, time=33.38 ms)
  Stages 8-9: little (threads=4, time=0.12 ms)

Schedule 71 (Max chunk time: 33.38 ms):
  Stages 1-4: medium (threads=2, time=22.64 ms)
  Stages 5-7: gpu (threads=0, time=33.38 ms)
  Stages 8-8: little (threads=4, time=0.07 ms)
  Stages 9-9: big (threads=2, time=0.02 ms)

Schedule 72 (Max chunk time: 33.38 ms):
  Stages 1-4: medium (threads=2, time=22.64 ms)
  Stages 5-7: gpu (threads=0, time=33.38 ms)
  Stages 8-8: big (threads=2, time=0.04 ms)
  Stages 9-9: little (threads=4, time=0.05 ms)

Schedule 73 (Max chunk time: 33.38 ms):
  Stages 1-4: big (threads=2, time=25.53 ms)
  Stages 5-7: gpu (threads=0, time=33.38 ms)
  Stages 8-8: little (threads=4, time=0.07 ms)
  Stages 9-9: medium (threads=2, time=0.02 ms)

Schedule 74 (Max chunk time: 33.38 ms):
  Stages 1-4: big (threads=2, time=25.53 ms)
  Stages 5-7: gpu (threads=0, time=33.38 ms)
  Stages 8-8: medium (threads=2, time=0.04 ms)
  Stages 9-9: little (threads=4, time=0.05 ms)

Schedule 75 (Max chunk time: 34.10 ms):
  Stages 1-4: medium (threads=2, time=22.64 ms)
  Stages 5-8: gpu (threads=0, time=34.10 ms)
  Stages 9-9: little (threads=4, time=0.05 ms)

Schedule 76 (Max chunk time: 34.10 ms):
  Stages 1-4: medium (threads=2, time=22.64 ms)
  Stages 5-8: gpu (threads=0, time=34.10 ms)
  Stages 9-9: big (threads=2, time=0.02 ms)

Schedule 77 (Max chunk time: 34.10 ms):
  Stages 1-4: big (threads=2, time=25.53 ms)
  Stages 5-8: gpu (threads=0, time=34.10 ms)
  Stages 9-9: little (threads=4, time=0.05 ms)

Schedule 78 (Max chunk time: 34.10 ms):
  Stages 1-4: big (threads=2, time=25.53 ms)
  Stages 5-8: gpu (threads=0, time=34.10 ms)
  Stages 9-9: medium (threads=2, time=0.02 ms)

Schedule 79 (Max chunk time: 34.10 ms):
  Stages 1-1: little (threads=4, time=4.23 ms)
  Stages 2-4: medium (threads=2, time=21.16 ms)
  Stages 5-8: gpu (threads=0, time=34.10 ms)
  Stages 9-9: big (threads=2, time=0.02 ms)

Schedule 80 (Max chunk time: 34.10 ms):
  Stages 1-1: little (threads=4, time=4.23 ms)
  Stages 2-4: big (threads=2, time=23.95 ms)
  Stages 5-8: gpu (threads=0, time=34.10 ms)
  Stages 9-9: medium (threads=2, time=0.02 ms)

Schedule 81 (Max chunk time: 34.10 ms):
  Stages 1-1: medium (threads=2, time=1.48 ms)
  Stages 2-4: big (threads=2, time=23.95 ms)
  Stages 5-8: gpu (threads=0, time=34.10 ms)
  Stages 9-9: little (threads=4, time=0.05 ms)

Schedule 82 (Max chunk time: 34.10 ms):
  Stages 1-1: big (threads=2, time=1.58 ms)
  Stages 2-4: medium (threads=2, time=21.16 ms)
  Stages 5-8: gpu (threads=0, time=34.10 ms)
  Stages 9-9: little (threads=4, time=0.05 ms)

Schedule 83 (Max chunk time: 34.10 ms):
  Stages 1-2: little (threads=4, time=4.52 ms)
  Stages 3-4: medium (threads=2, time=20.91 ms)
  Stages 5-8: gpu (threads=0, time=34.10 ms)
  Stages 9-9: big (threads=2, time=0.02 ms)

Schedule 84 (Max chunk time: 34.10 ms):
  Stages 1-2: little (threads=4, time=4.52 ms)
  Stages 3-4: big (threads=2, time=23.71 ms)
  Stages 5-8: gpu (threads=0, time=34.10 ms)
  Stages 9-9: medium (threads=2, time=0.02 ms)

Schedule 85 (Max chunk time: 34.10 ms):
  Stages 1-2: medium (threads=2, time=1.72 ms)
  Stages 3-4: big (threads=2, time=23.71 ms)
  Stages 5-8: gpu (threads=0, time=34.10 ms)
  Stages 9-9: little (threads=4, time=0.05 ms)

Schedule 86 (Max chunk time: 34.10 ms):
  Stages 1-2: big (threads=2, time=1.81 ms)
  Stages 3-4: medium (threads=2, time=20.91 ms)
  Stages 5-8: gpu (threads=0, time=34.10 ms)
  Stages 9-9: little (threads=4, time=0.05 ms)

Schedule 87 (Max chunk time: 34.10 ms):
  Stages 1-3: medium (threads=2, time=22.52 ms)
  Stages 4-4: little (threads=4, time=0.21 ms)
  Stages 5-8: gpu (threads=0, time=34.10 ms)
  Stages 9-9: big (threads=2, time=0.02 ms)

Schedule 88 (Max chunk time: 34.10 ms):
  Stages 1-3: medium (threads=2, time=22.52 ms)
  Stages 4-4: big (threads=2, time=0.12 ms)
  Stages 5-8: gpu (threads=0, time=34.10 ms)
  Stages 9-9: little (threads=4, time=0.05 ms)

Schedule 89 (Max chunk time: 34.10 ms):
  Stages 1-3: big (threads=2, time=25.41 ms)
  Stages 4-4: little (threads=4, time=0.21 ms)
  Stages 5-8: gpu (threads=0, time=34.10 ms)
  Stages 9-9: medium (threads=2, time=0.02 ms)

Schedule 90 (Max chunk time: 34.10 ms):
  Stages 1-3: big (threads=2, time=25.41 ms)
  Stages 4-4: medium (threads=2, time=0.11 ms)
  Stages 5-8: gpu (threads=0, time=34.10 ms)
  Stages 9-9: little (threads=4, time=0.05 ms)

Schedule 91 (Max chunk time: 34.14 ms):
  Stages 1-3: medium (threads=2, time=22.52 ms)
  Stages 4-7: gpu (threads=0, time=34.14 ms)
  Stages 8-9: little (threads=4, time=0.12 ms)

Schedule 92 (Max chunk time: 34.14 ms):
  Stages 1-3: medium (threads=2, time=22.52 ms)
  Stages 4-7: gpu (threads=0, time=34.14 ms)
  Stages 8-9: big (threads=2, time=0.06 ms)

Schedule 93 (Max chunk time: 34.14 ms):
  Stages 1-3: big (threads=2, time=25.41 ms)
  Stages 4-7: gpu (threads=0, time=34.14 ms)
  Stages 8-9: little (threads=4, time=0.12 ms)

Schedule 94 (Max chunk time: 34.14 ms):
  Stages 1-3: big (threads=2, time=25.41 ms)
  Stages 4-7: gpu (threads=0, time=34.14 ms)
  Stages 8-9: medium (threads=2, time=0.07 ms)

Schedule 95 (Max chunk time: 34.14 ms):
  Stages 1-1: little (threads=4, time=4.23 ms)
  Stages 2-3: medium (threads=2, time=21.04 ms)
  Stages 4-7: gpu (threads=0, time=34.14 ms)
  Stages 8-9: big (threads=2, time=0.06 ms)

Schedule 96 (Max chunk time: 34.14 ms):
  Stages 1-1: little (threads=4, time=4.23 ms)
  Stages 2-3: big (threads=2, time=23.83 ms)
  Stages 4-7: gpu (threads=0, time=34.14 ms)
  Stages 8-9: medium (threads=2, time=0.07 ms)

Schedule 97 (Max chunk time: 34.14 ms):
  Stages 1-1: medium (threads=2, time=1.48 ms)
  Stages 2-3: big (threads=2, time=23.83 ms)
  Stages 4-7: gpu (threads=0, time=34.14 ms)
  Stages 8-9: little (threads=4, time=0.12 ms)

Schedule 98 (Max chunk time: 34.14 ms):
  Stages 1-1: big (threads=2, time=1.58 ms)
  Stages 2-3: medium (threads=2, time=21.04 ms)
  Stages 4-7: gpu (threads=0, time=34.14 ms)
  Stages 8-9: little (threads=4, time=0.12 ms)

Schedule 99 (Max chunk time: 34.14 ms):
  Stages 1-2: little (threads=4, time=4.52 ms)
  Stages 3-3: medium (threads=2, time=20.80 ms)
  Stages 4-7: gpu (threads=0, time=34.14 ms)
  Stages 8-9: big (threads=2, time=0.06 ms)

Schedule 100 (Max chunk time: 34.14 ms):
  Stages 1-2: little (threads=4, time=4.52 ms)
  Stages 3-3: big (threads=2, time=23.60 ms)
  Stages 4-7: gpu (threads=0, time=34.14 ms)
  Stages 8-9: medium (threads=2, time=0.07 ms)

Schedule 101 (Max chunk time: 34.14 ms):
  Stages 1-2: medium (threads=2, time=1.72 ms)
  Stages 3-3: big (threads=2, time=23.60 ms)
  Stages 4-7: gpu (threads=0, time=34.14 ms)
  Stages 8-9: little (threads=4, time=0.12 ms)

Schedule 102 (Max chunk time: 34.14 ms):
  Stages 1-2: big (threads=2, time=1.81 ms)
  Stages 3-3: medium (threads=2, time=20.80 ms)
  Stages 4-7: gpu (threads=0, time=34.14 ms)
  Stages 8-9: little (threads=4, time=0.12 ms)

Schedule 103 (Max chunk time: 34.14 ms):
  Stages 1-3: medium (threads=2, time=22.52 ms)
  Stages 4-7: gpu (threads=0, time=34.14 ms)
  Stages 8-8: little (threads=4, time=0.07 ms)
  Stages 9-9: big (threads=2, time=0.02 ms)

Schedule 104 (Max chunk time: 34.14 ms):
  Stages 1-3: medium (threads=2, time=22.52 ms)
  Stages 4-7: gpu (threads=0, time=34.14 ms)
  Stages 8-8: big (threads=2, time=0.04 ms)
  Stages 9-9: little (threads=4, time=0.05 ms)

Schedule 105 (Max chunk time: 34.14 ms):
  Stages 1-3: big (threads=2, time=25.41 ms)
  Stages 4-7: gpu (threads=0, time=34.14 ms)
  Stages 8-8: little (threads=4, time=0.07 ms)
  Stages 9-9: medium (threads=2, time=0.02 ms)

Schedule 106 (Max chunk time: 34.14 ms):
  Stages 1-3: big (threads=2, time=25.41 ms)
  Stages 4-7: gpu (threads=0, time=34.14 ms)
  Stages 8-8: medium (threads=2, time=0.04 ms)
  Stages 9-9: little (threads=4, time=0.05 ms)

Schedule 107 (Max chunk time: 34.49 ms):
  Stages 1-6: gpu (threads=0, time=34.49 ms)
  Stages 7-9: medium (threads=2, time=30.77 ms)

Schedule 108 (Max chunk time: 34.49 ms):
  Stages 1-6: gpu (threads=0, time=34.49 ms)
  Stages 7-9: big (threads=2, time=33.16 ms)

Schedule 109 (Max chunk time: 34.49 ms):
  Stages 1-6: gpu (threads=0, time=34.49 ms)
  Stages 7-7: medium (threads=2, time=30.70 ms)
  Stages 8-9: little (threads=4, time=0.12 ms)

Schedule 110 (Max chunk time: 34.49 ms):
  Stages 1-6: gpu (threads=0, time=34.49 ms)
  Stages 7-7: medium (threads=2, time=30.70 ms)
  Stages 8-9: big (threads=2, time=0.06 ms)

Schedule 111 (Max chunk time: 34.49 ms):
  Stages 1-6: gpu (threads=0, time=34.49 ms)
  Stages 7-7: big (threads=2, time=33.10 ms)
  Stages 8-9: little (threads=4, time=0.12 ms)

Schedule 112 (Max chunk time: 34.49 ms):
  Stages 1-6: gpu (threads=0, time=34.49 ms)
  Stages 7-7: big (threads=2, time=33.10 ms)
  Stages 8-9: medium (threads=2, time=0.07 ms)

Schedule 113 (Max chunk time: 34.49 ms):
  Stages 1-6: gpu (threads=0, time=34.49 ms)
  Stages 7-8: medium (threads=2, time=30.75 ms)
  Stages 9-9: little (threads=4, time=0.05 ms)

Schedule 114 (Max chunk time: 34.49 ms):
  Stages 1-6: gpu (threads=0, time=34.49 ms)
  Stages 7-8: medium (threads=2, time=30.75 ms)
  Stages 9-9: big (threads=2, time=0.02 ms)

Schedule 115 (Max chunk time: 34.49 ms):
  Stages 1-6: gpu (threads=0, time=34.49 ms)
  Stages 7-8: big (threads=2, time=33.14 ms)
  Stages 9-9: little (threads=4, time=0.05 ms)

Schedule 116 (Max chunk time: 34.49 ms):
  Stages 1-6: gpu (threads=0, time=34.49 ms)
  Stages 7-8: big (threads=2, time=33.14 ms)
  Stages 9-9: medium (threads=2, time=0.02 ms)

Schedule 117 (Max chunk time: 34.49 ms):
  Stages 1-6: gpu (threads=0, time=34.49 ms)
  Stages 7-7: medium (threads=2, time=30.70 ms)
  Stages 8-8: little (threads=4, time=0.07 ms)
  Stages 9-9: big (threads=2, time=0.02 ms)

Schedule 118 (Max chunk time: 34.49 ms):
  Stages 1-6: gpu (threads=0, time=34.49 ms)
  Stages 7-7: medium (threads=2, time=30.70 ms)
  Stages 8-8: big (threads=2, time=0.04 ms)
  Stages 9-9: little (threads=4, time=0.05 ms)

Schedule 119 (Max chunk time: 34.49 ms):
  Stages 1-6: gpu (threads=0, time=34.49 ms)
  Stages 7-7: big (threads=2, time=33.10 ms)
  Stages 8-8: little (threads=4, time=0.07 ms)
  Stages 9-9: medium (threads=2, time=0.02 ms)

Schedule 120 (Max chunk time: 34.49 ms):
  Stages 1-6: gpu (threads=0, time=34.49 ms)
  Stages 7-7: big (threads=2, time=33.10 ms)
  Stages 8-8: medium (threads=2, time=0.04 ms)
  Stages 9-9: little (threads=4, time=0.05 ms)

Schedule 121 (Max chunk time: 34.86 ms):
  Stages 1-3: medium (threads=2, time=22.52 ms)
  Stages 4-8: gpu (threads=0, time=34.86 ms)
  Stages 9-9: little (threads=4, time=0.05 ms)

Schedule 122 (Max chunk time: 34.86 ms):
  Stages 1-3: medium (threads=2, time=22.52 ms)
  Stages 4-8: gpu (threads=0, time=34.86 ms)
  Stages 9-9: big (threads=2, time=0.02 ms)

Schedule 123 (Max chunk time: 34.86 ms):
  Stages 1-3: big (threads=2, time=25.41 ms)
  Stages 4-8: gpu (threads=0, time=34.86 ms)
  Stages 9-9: little (threads=4, time=0.05 ms)

Schedule 124 (Max chunk time: 34.86 ms):
  Stages 1-3: big (threads=2, time=25.41 ms)
  Stages 4-8: gpu (threads=0, time=34.86 ms)
  Stages 9-9: medium (threads=2, time=0.02 ms)

Schedule 125 (Max chunk time: 34.86 ms):
  Stages 1-1: little (threads=4, time=4.23 ms)
  Stages 2-3: medium (threads=2, time=21.04 ms)
  Stages 4-8: gpu (threads=0, time=34.86 ms)
  Stages 9-9: big (threads=2, time=0.02 ms)

Schedule 126 (Max chunk time: 34.86 ms):
  Stages 1-1: little (threads=4, time=4.23 ms)
  Stages 2-3: big (threads=2, time=23.83 ms)
  Stages 4-8: gpu (threads=0, time=34.86 ms)
  Stages 9-9: medium (threads=2, time=0.02 ms)

Schedule 127 (Max chunk time: 34.86 ms):
  Stages 1-1: medium (threads=2, time=1.48 ms)
  Stages 2-3: big (threads=2, time=23.83 ms)
  Stages 4-8: gpu (threads=0, time=34.86 ms)
  Stages 9-9: little (threads=4, time=0.05 ms)

Schedule 128 (Max chunk time: 34.86 ms):
  Stages 1-1: big (threads=2, time=1.58 ms)
  Stages 2-3: medium (threads=2, time=21.04 ms)
  Stages 4-8: gpu (threads=0, time=34.86 ms)
  Stages 9-9: little (threads=4, time=0.05 ms)

Schedule 129 (Max chunk time: 34.86 ms):
  Stages 1-2: little (threads=4, time=4.52 ms)
  Stages 3-3: medium (threads=2, time=20.80 ms)
  Stages 4-8: gpu (threads=0, time=34.86 ms)
  Stages 9-9: big (threads=2, time=0.02 ms)

Schedule 130 (Max chunk time: 34.86 ms):
  Stages 1-2: little (threads=4, time=4.52 ms)
  Stages 3-3: big (threads=2, time=23.60 ms)
  Stages 4-8: gpu (threads=0, time=34.86 ms)
  Stages 9-9: medium (threads=2, time=0.02 ms)

Schedule 131 (Max chunk time: 34.86 ms):
  Stages 1-2: medium (threads=2, time=1.72 ms)
  Stages 3-3: big (threads=2, time=23.60 ms)
  Stages 4-8: gpu (threads=0, time=34.86 ms)
  Stages 9-9: little (threads=4, time=0.05 ms)

Schedule 132 (Max chunk time: 34.86 ms):
  Stages 1-2: big (threads=2, time=1.81 ms)
  Stages 3-3: medium (threads=2, time=20.80 ms)
  Stages 4-8: gpu (threads=0, time=34.86 ms)
  Stages 9-9: little (threads=4, time=0.05 ms)

Schedule 133 (Max chunk time: 36.10 ms):
  Stages 1-4: medium (threads=2, time=22.64 ms)
  Stages 5-5: big (threads=2, time=36.10 ms)
  Stages 6-7: gpu (threads=0, time=24.00 ms)
  Stages 8-9: little (threads=4, time=0.12 ms)

Schedule 134 (Max chunk time: 36.10 ms):
  Stages 1-4: medium (threads=2, time=22.64 ms)
  Stages 5-5: big (threads=2, time=36.10 ms)
  Stages 6-8: gpu (threads=0, time=24.72 ms)
  Stages 9-9: little (threads=4, time=0.05 ms)

Schedule 135 (Max chunk time: 36.22 ms):
  Stages 1-3: medium (threads=2, time=22.52 ms)
  Stages 4-5: big (threads=2, time=36.22 ms)
  Stages 6-7: gpu (threads=0, time=24.00 ms)
  Stages 8-9: little (threads=4, time=0.12 ms)

Schedule 136 (Max chunk time: 36.22 ms):
  Stages 1-3: medium (threads=2, time=22.52 ms)
  Stages 4-5: big (threads=2, time=36.22 ms)
  Stages 6-8: gpu (threads=0, time=24.72 ms)
  Stages 9-9: little (threads=4, time=0.05 ms)

Schedule 137 (Max chunk time: 38.22 ms):
  Stages 1-3: medium (threads=2, time=22.52 ms)
  Stages 4-5: big (threads=2, time=36.22 ms)
  Stages 6-9: gpu (threads=0, time=38.22 ms)

Schedule 138 (Max chunk time: 38.22 ms):
  Stages 1-3: big (threads=2, time=25.41 ms)
  Stages 4-5: medium (threads=2, time=31.31 ms)
  Stages 6-9: gpu (threads=0, time=38.22 ms)

Schedule 139 (Max chunk time: 38.22 ms):
  Stages 1-4: medium (threads=2, time=22.64 ms)
  Stages 5-5: big (threads=2, time=36.10 ms)
  Stages 6-9: gpu (threads=0, time=38.22 ms)

Schedule 140 (Max chunk time: 38.22 ms):
  Stages 1-4: big (threads=2, time=25.53 ms)
  Stages 5-5: medium (threads=2, time=31.20 ms)
  Stages 6-9: gpu (threads=0, time=38.22 ms)

Schedule 141 (Max chunk time: 38.22 ms):
  Stages 1-1: little (threads=4, time=4.23 ms)
  Stages 2-3: medium (threads=2, time=21.04 ms)
  Stages 4-5: big (threads=2, time=36.22 ms)
  Stages 6-9: gpu (threads=0, time=38.22 ms)

Schedule 142 (Max chunk time: 38.22 ms):
  Stages 1-1: little (threads=4, time=4.23 ms)
  Stages 2-3: big (threads=2, time=23.83 ms)
  Stages 4-5: medium (threads=2, time=31.31 ms)
  Stages 6-9: gpu (threads=0, time=38.22 ms)

Schedule 143 (Max chunk time: 38.22 ms):
  Stages 1-1: little (threads=4, time=4.23 ms)
  Stages 2-4: medium (threads=2, time=21.16 ms)
  Stages 5-5: big (threads=2, time=36.10 ms)
  Stages 6-9: gpu (threads=0, time=38.22 ms)

Schedule 144 (Max chunk time: 38.22 ms):
  Stages 1-1: little (threads=4, time=4.23 ms)
  Stages 2-4: big (threads=2, time=23.95 ms)
  Stages 5-5: medium (threads=2, time=31.20 ms)
  Stages 6-9: gpu (threads=0, time=38.22 ms)

Schedule 145 (Max chunk time: 38.22 ms):
  Stages 1-2: little (threads=4, time=4.52 ms)
  Stages 3-3: medium (threads=2, time=20.80 ms)
  Stages 4-5: big (threads=2, time=36.22 ms)
  Stages 6-9: gpu (threads=0, time=38.22 ms)

Schedule 146 (Max chunk time: 38.22 ms):
  Stages 1-2: little (threads=4, time=4.52 ms)
  Stages 3-3: big (threads=2, time=23.60 ms)
  Stages 4-5: medium (threads=2, time=31.31 ms)
  Stages 6-9: gpu (threads=0, time=38.22 ms)

Schedule 147 (Max chunk time: 38.22 ms):
  Stages 1-2: little (threads=4, time=4.52 ms)
  Stages 3-4: medium (threads=2, time=20.91 ms)
  Stages 5-5: big (threads=2, time=36.10 ms)
  Stages 6-9: gpu (threads=0, time=38.22 ms)

Schedule 148 (Max chunk time: 38.22 ms):
  Stages 1-2: little (threads=4, time=4.52 ms)
  Stages 3-4: big (threads=2, time=23.71 ms)
  Stages 5-5: medium (threads=2, time=31.20 ms)
  Stages 6-9: gpu (threads=0, time=38.22 ms)

Schedule 149 (Max chunk time: 38.22 ms):
  Stages 1-3: medium (threads=2, time=22.52 ms)
  Stages 4-4: little (threads=4, time=0.21 ms)
  Stages 5-5: big (threads=2, time=36.10 ms)
  Stages 6-9: gpu (threads=0, time=38.22 ms)

Schedule 150 (Max chunk time: 38.22 ms):
  Stages 1-3: big (threads=2, time=25.41 ms)
  Stages 4-4: little (threads=4, time=0.21 ms)
  Stages 5-5: medium (threads=2, time=31.20 ms)
  Stages 6-9: gpu (threads=0, time=38.22 ms)

Schedule 151 (Max chunk time: 42.83 ms):
  Stages 1-2: little (threads=4, time=4.52 ms)
  Stages 3-7: gpu (threads=0, time=42.83 ms)
  Stages 8-9: medium (threads=2, time=0.07 ms)

Schedule 152 (Max chunk time: 42.83 ms):
  Stages 1-2: little (threads=4, time=4.52 ms)
  Stages 3-7: gpu (threads=0, time=42.83 ms)
  Stages 8-9: big (threads=2, time=0.06 ms)

Schedule 153 (Max chunk time: 42.83 ms):
  Stages 1-2: medium (threads=2, time=1.72 ms)
  Stages 3-7: gpu (threads=0, time=42.83 ms)
  Stages 8-9: little (threads=4, time=0.12 ms)

Schedule 154 (Max chunk time: 42.83 ms):
  Stages 1-2: medium (threads=2, time=1.72 ms)
  Stages 3-7: gpu (threads=0, time=42.83 ms)
  Stages 8-9: big (threads=2, time=0.06 ms)

Schedule 155 (Max chunk time: 42.83 ms):
  Stages 1-2: big (threads=2, time=1.81 ms)
  Stages 3-7: gpu (threads=0, time=42.83 ms)
  Stages 8-9: little (threads=4, time=0.12 ms)

Schedule 156 (Max chunk time: 42.83 ms):
  Stages 1-2: big (threads=2, time=1.81 ms)
  Stages 3-7: gpu (threads=0, time=42.83 ms)
  Stages 8-9: medium (threads=2, time=0.07 ms)

Schedule 157 (Max chunk time: 42.83 ms):
  Stages 1-1: little (threads=4, time=4.23 ms)
  Stages 2-2: medium (threads=2, time=0.24 ms)
  Stages 3-7: gpu (threads=0, time=42.83 ms)
  Stages 8-9: big (threads=2, time=0.06 ms)

Schedule 158 (Max chunk time: 42.83 ms):
  Stages 1-1: little (threads=4, time=4.23 ms)
  Stages 2-2: big (threads=2, time=0.23 ms)
  Stages 3-7: gpu (threads=0, time=42.83 ms)
  Stages 8-9: medium (threads=2, time=0.07 ms)

Schedule 159 (Max chunk time: 42.83 ms):
  Stages 1-1: medium (threads=2, time=1.48 ms)
  Stages 2-2: little (threads=4, time=0.29 ms)
  Stages 3-7: gpu (threads=0, time=42.83 ms)
  Stages 8-9: big (threads=2, time=0.06 ms)

Schedule 160 (Max chunk time: 42.83 ms):
  Stages 1-1: medium (threads=2, time=1.48 ms)
  Stages 2-2: big (threads=2, time=0.23 ms)
  Stages 3-7: gpu (threads=0, time=42.83 ms)
  Stages 8-9: little (threads=4, time=0.12 ms)

Schedule 161 (Max chunk time: 42.83 ms):
  Stages 1-1: big (threads=2, time=1.58 ms)
  Stages 2-2: little (threads=4, time=0.29 ms)
  Stages 3-7: gpu (threads=0, time=42.83 ms)
  Stages 8-9: medium (threads=2, time=0.07 ms)

Schedule 162 (Max chunk time: 42.83 ms):
  Stages 1-1: big (threads=2, time=1.58 ms)
  Stages 2-2: medium (threads=2, time=0.24 ms)
  Stages 3-7: gpu (threads=0, time=42.83 ms)
  Stages 8-9: little (threads=4, time=0.12 ms)

Schedule 163 (Max chunk time: 42.83 ms):
  Stages 1-2: little (threads=4, time=4.52 ms)
  Stages 3-7: gpu (threads=0, time=42.83 ms)
  Stages 8-8: medium (threads=2, time=0.04 ms)
  Stages 9-9: big (threads=2, time=0.02 ms)

Schedule 164 (Max chunk time: 42.83 ms):
  Stages 1-2: little (threads=4, time=4.52 ms)
  Stages 3-7: gpu (threads=0, time=42.83 ms)
  Stages 8-8: big (threads=2, time=0.04 ms)
  Stages 9-9: medium (threads=2, time=0.02 ms)

Schedule 165 (Max chunk time: 42.83 ms):
  Stages 1-2: medium (threads=2, time=1.72 ms)
  Stages 3-7: gpu (threads=0, time=42.83 ms)
  Stages 8-8: little (threads=4, time=0.07 ms)
  Stages 9-9: big (threads=2, time=0.02 ms)

Schedule 166 (Max chunk time: 42.83 ms):
  Stages 1-2: medium (threads=2, time=1.72 ms)
  Stages 3-7: gpu (threads=0, time=42.83 ms)
  Stages 8-8: big (threads=2, time=0.04 ms)
  Stages 9-9: little (threads=4, time=0.05 ms)

Schedule 167 (Max chunk time: 42.83 ms):
  Stages 1-2: big (threads=2, time=1.81 ms)
  Stages 3-7: gpu (threads=0, time=42.83 ms)
  Stages 8-8: little (threads=4, time=0.07 ms)
  Stages 9-9: medium (threads=2, time=0.02 ms)

Schedule 168 (Max chunk time: 42.83 ms):
  Stages 1-2: big (threads=2, time=1.81 ms)
  Stages 3-7: gpu (threads=0, time=42.83 ms)
  Stages 8-8: medium (threads=2, time=0.04 ms)
  Stages 9-9: little (threads=4, time=0.05 ms)

Schedule 169 (Max chunk time: 43.55 ms):
  Stages 1-2: little (threads=4, time=4.52 ms)
  Stages 3-8: gpu (threads=0, time=43.55 ms)
  Stages 9-9: medium (threads=2, time=0.02 ms)

Schedule 170 (Max chunk time: 43.55 ms):
  Stages 1-2: little (threads=4, time=4.52 ms)
  Stages 3-8: gpu (threads=0, time=43.55 ms)
  Stages 9-9: big (threads=2, time=0.02 ms)

Schedule 171 (Max chunk time: 43.55 ms):
  Stages 1-2: medium (threads=2, time=1.72 ms)
  Stages 3-8: gpu (threads=0, time=43.55 ms)
  Stages 9-9: little (threads=4, time=0.05 ms)

Schedule 172 (Max chunk time: 43.55 ms):
  Stages 1-2: medium (threads=2, time=1.72 ms)
  Stages 3-8: gpu (threads=0, time=43.55 ms)
  Stages 9-9: big (threads=2, time=0.02 ms)

Schedule 173 (Max chunk time: 43.55 ms):
  Stages 1-2: big (threads=2, time=1.81 ms)
  Stages 3-8: gpu (threads=0, time=43.55 ms)
  Stages 9-9: little (threads=4, time=0.05 ms)

Schedule 174 (Max chunk time: 43.55 ms):
  Stages 1-2: big (threads=2, time=1.81 ms)
  Stages 3-8: gpu (threads=0, time=43.55 ms)
  Stages 9-9: medium (threads=2, time=0.02 ms)

Schedule 175 (Max chunk time: 43.55 ms):
  Stages 1-1: little (threads=4, time=4.23 ms)
  Stages 2-2: medium (threads=2, time=0.24 ms)
  Stages 3-8: gpu (threads=0, time=43.55 ms)
  Stages 9-9: big (threads=2, time=0.02 ms)

Schedule 176 (Max chunk time: 43.55 ms):
  Stages 1-1: little (threads=4, time=4.23 ms)
  Stages 2-2: big (threads=2, time=0.23 ms)
  Stages 3-8: gpu (threads=0, time=43.55 ms)
  Stages 9-9: medium (threads=2, time=0.02 ms)

Schedule 177 (Max chunk time: 43.55 ms):
  Stages 1-1: medium (threads=2, time=1.48 ms)
  Stages 2-2: little (threads=4, time=0.29 ms)
  Stages 3-8: gpu (threads=0, time=43.55 ms)
  Stages 9-9: big (threads=2, time=0.02 ms)

Schedule 178 (Max chunk time: 43.55 ms):
  Stages 1-1: medium (threads=2, time=1.48 ms)
  Stages 2-2: big (threads=2, time=0.23 ms)
  Stages 3-8: gpu (threads=0, time=43.55 ms)
  Stages 9-9: little (threads=4, time=0.05 ms)

Schedule 179 (Max chunk time: 43.55 ms):
  Stages 1-1: big (threads=2, time=1.58 ms)
  Stages 2-2: little (threads=4, time=0.29 ms)
  Stages 3-8: gpu (threads=0, time=43.55 ms)
  Stages 9-9: medium (threads=2, time=0.02 ms)

Schedule 180 (Max chunk time: 43.55 ms):
  Stages 1-1: big (threads=2, time=1.58 ms)
  Stages 2-2: medium (threads=2, time=0.24 ms)
  Stages 3-8: gpu (threads=0, time=43.55 ms)
  Stages 9-9: little (threads=4, time=0.05 ms)

Schedule 181 (Max chunk time: 43.58 ms):
  Stages 1-1: little (threads=4, time=4.23 ms)
  Stages 2-7: gpu (threads=0, time=43.58 ms)
  Stages 8-9: medium (threads=2, time=0.07 ms)

Schedule 182 (Max chunk time: 43.58 ms):
  Stages 1-1: little (threads=4, time=4.23 ms)
  Stages 2-7: gpu (threads=0, time=43.58 ms)
  Stages 8-9: big (threads=2, time=0.06 ms)

Schedule 183 (Max chunk time: 43.58 ms):
  Stages 1-1: medium (threads=2, time=1.48 ms)
  Stages 2-7: gpu (threads=0, time=43.58 ms)
  Stages 8-9: little (threads=4, time=0.12 ms)

Schedule 184 (Max chunk time: 43.58 ms):
  Stages 1-1: medium (threads=2, time=1.48 ms)
  Stages 2-7: gpu (threads=0, time=43.58 ms)
  Stages 8-9: big (threads=2, time=0.06 ms)

Schedule 185 (Max chunk time: 43.58 ms):
  Stages 1-1: big (threads=2, time=1.58 ms)
  Stages 2-7: gpu (threads=0, time=43.58 ms)
  Stages 8-9: little (threads=4, time=0.12 ms)

Schedule 186 (Max chunk time: 43.58 ms):
  Stages 1-1: big (threads=2, time=1.58 ms)
  Stages 2-7: gpu (threads=0, time=43.58 ms)
  Stages 8-9: medium (threads=2, time=0.07 ms)

Schedule 187 (Max chunk time: 43.58 ms):
  Stages 1-1: little (threads=4, time=4.23 ms)
  Stages 2-7: gpu (threads=0, time=43.58 ms)
  Stages 8-8: medium (threads=2, time=0.04 ms)
  Stages 9-9: big (threads=2, time=0.02 ms)

Schedule 188 (Max chunk time: 43.58 ms):
  Stages 1-1: little (threads=4, time=4.23 ms)
  Stages 2-7: gpu (threads=0, time=43.58 ms)
  Stages 8-8: big (threads=2, time=0.04 ms)
  Stages 9-9: medium (threads=2, time=0.02 ms)

Schedule 189 (Max chunk time: 43.58 ms):
  Stages 1-1: medium (threads=2, time=1.48 ms)
  Stages 2-7: gpu (threads=0, time=43.58 ms)
  Stages 8-8: little (threads=4, time=0.07 ms)
  Stages 9-9: big (threads=2, time=0.02 ms)

Schedule 190 (Max chunk time: 43.58 ms):
  Stages 1-1: medium (threads=2, time=1.48 ms)
  Stages 2-7: gpu (threads=0, time=43.58 ms)
  Stages 8-8: big (threads=2, time=0.04 ms)
  Stages 9-9: little (threads=4, time=0.05 ms)

Schedule 191 (Max chunk time: 43.58 ms):
  Stages 1-1: big (threads=2, time=1.58 ms)
  Stages 2-7: gpu (threads=0, time=43.58 ms)
  Stages 8-8: little (threads=4, time=0.07 ms)
  Stages 9-9: medium (threads=2, time=0.02 ms)

Schedule 192 (Max chunk time: 43.58 ms):
  Stages 1-1: big (threads=2, time=1.58 ms)
  Stages 2-7: gpu (threads=0, time=43.58 ms)
  Stages 8-8: medium (threads=2, time=0.04 ms)
  Stages 9-9: little (threads=4, time=0.05 ms)

Schedule 193 (Max chunk time: 44.30 ms):
  Stages 1-1: little (threads=4, time=4.23 ms)
  Stages 2-8: gpu (threads=0, time=44.30 ms)
  Stages 9-9: medium (threads=2, time=0.02 ms)

Schedule 194 (Max chunk time: 44.30 ms):
  Stages 1-1: little (threads=4, time=4.23 ms)
  Stages 2-8: gpu (threads=0, time=44.30 ms)
  Stages 9-9: big (threads=2, time=0.02 ms)

Schedule 195 (Max chunk time: 44.30 ms):
  Stages 1-1: medium (threads=2, time=1.48 ms)
  Stages 2-8: gpu (threads=0, time=44.30 ms)
  Stages 9-9: little (threads=4, time=0.05 ms)

Schedule 196 (Max chunk time: 44.30 ms):
  Stages 1-1: medium (threads=2, time=1.48 ms)
  Stages 2-8: gpu (threads=0, time=44.30 ms)
  Stages 9-9: big (threads=2, time=0.02 ms)

Schedule 197 (Max chunk time: 44.30 ms):
  Stages 1-1: big (threads=2, time=1.58 ms)
  Stages 2-8: gpu (threads=0, time=44.30 ms)
  Stages 9-9: little (threads=4, time=0.05 ms)

Schedule 198 (Max chunk time: 44.30 ms):
  Stages 1-1: big (threads=2, time=1.58 ms)
  Stages 2-8: gpu (threads=0, time=44.30 ms)
  Stages 9-9: medium (threads=2, time=0.02 ms)

Schedule 199 (Max chunk time: 45.09 ms):
  Stages 1-7: gpu (threads=0, time=45.09 ms)
  Stages 8-9: little (threads=4, time=0.12 ms)

Schedule 200 (Max chunk time: 45.09 ms):
  Stages 1-7: gpu (threads=0, time=45.09 ms)
  Stages 8-9: medium (threads=2, time=0.07 ms)

Schedule 201 (Max chunk time: 45.09 ms):
  Stages 1-7: gpu (threads=0, time=45.09 ms)
  Stages 8-9: big (threads=2, time=0.06 ms)

Schedule 202 (Max chunk time: 45.09 ms):
  Stages 1-7: gpu (threads=0, time=45.09 ms)
  Stages 8-8: little (threads=4, time=0.07 ms)
  Stages 9-9: medium (threads=2, time=0.02 ms)

Schedule 203 (Max chunk time: 45.09 ms):
  Stages 1-7: gpu (threads=0, time=45.09 ms)
  Stages 8-8: little (threads=4, time=0.07 ms)
  Stages 9-9: big (threads=2, time=0.02 ms)

Schedule 204 (Max chunk time: 45.09 ms):
  Stages 1-7: gpu (threads=0, time=45.09 ms)
  Stages 8-8: medium (threads=2, time=0.04 ms)
  Stages 9-9: little (threads=4, time=0.05 ms)

Schedule 205 (Max chunk time: 45.09 ms):
  Stages 1-7: gpu (threads=0, time=45.09 ms)
  Stages 8-8: medium (threads=2, time=0.04 ms)
  Stages 9-9: big (threads=2, time=0.02 ms)

Schedule 206 (Max chunk time: 45.09 ms):
  Stages 1-7: gpu (threads=0, time=45.09 ms)
  Stages 8-8: big (threads=2, time=0.04 ms)
  Stages 9-9: little (threads=4, time=0.05 ms)

Schedule 207 (Max chunk time: 45.09 ms):
  Stages 1-7: gpu (threads=0, time=45.09 ms)
  Stages 8-8: big (threads=2, time=0.04 ms)
  Stages 9-9: medium (threads=2, time=0.02 ms)

Schedule 208 (Max chunk time: 45.81 ms):
  Stages 1-8: gpu (threads=0, time=45.81 ms)
  Stages 9-9: little (threads=4, time=0.05 ms)

Schedule 209 (Max chunk time: 45.81 ms):
  Stages 1-8: gpu (threads=0, time=45.81 ms)
  Stages 9-9: medium (threads=2, time=0.02 ms)

Schedule 210 (Max chunk time: 45.81 ms):
  Stages 1-8: gpu (threads=0, time=45.81 ms)
  Stages 9-9: big (threads=2, time=0.02 ms)

Schedule 211 (Max chunk time: 45.90 ms):
  Stages 1-5: gpu (threads=0, time=21.09 ms)
  Stages 6-6: medium (threads=2, time=45.90 ms)
  Stages 7-9: big (threads=2, time=33.16 ms)

Schedule 212 (Max chunk time: 45.90 ms):
  Stages 1-1: little (threads=4, time=4.23 ms)
  Stages 2-5: gpu (threads=0, time=19.57 ms)
  Stages 6-6: medium (threads=2, time=45.90 ms)
  Stages 7-9: big (threads=2, time=33.16 ms)

Schedule 213 (Max chunk time: 45.90 ms):
  Stages 1-2: little (threads=4, time=4.52 ms)
  Stages 3-5: gpu (threads=0, time=18.83 ms)
  Stages 6-6: medium (threads=2, time=45.90 ms)
  Stages 7-9: big (threads=2, time=33.16 ms)

Schedule 214 (Max chunk time: 45.90 ms):
  Stages 1-5: gpu (threads=0, time=21.09 ms)
  Stages 6-6: medium (threads=2, time=45.90 ms)
  Stages 7-7: big (threads=2, time=33.10 ms)
  Stages 8-9: little (threads=4, time=0.12 ms)

Schedule 215 (Max chunk time: 45.90 ms):
  Stages 1-5: gpu (threads=0, time=21.09 ms)
  Stages 6-6: medium (threads=2, time=45.90 ms)
  Stages 7-8: big (threads=2, time=33.14 ms)
  Stages 9-9: little (threads=4, time=0.05 ms)

Schedule 216 (Max chunk time: 47.60 ms):
  Stages 1-4: medium (threads=2, time=22.64 ms)
  Stages 5-9: gpu (threads=0, time=47.60 ms)

Schedule 217 (Max chunk time: 47.60 ms):
  Stages 1-4: big (threads=2, time=25.53 ms)
  Stages 5-9: gpu (threads=0, time=47.60 ms)

Schedule 218 (Max chunk time: 47.60 ms):
  Stages 1-1: little (threads=4, time=4.23 ms)
  Stages 2-4: medium (threads=2, time=21.16 ms)
  Stages 5-9: gpu (threads=0, time=47.60 ms)

Schedule 219 (Max chunk time: 47.60 ms):
  Stages 1-1: little (threads=4, time=4.23 ms)
  Stages 2-4: big (threads=2, time=23.95 ms)
  Stages 5-9: gpu (threads=0, time=47.60 ms)

Schedule 220 (Max chunk time: 47.60 ms):
  Stages 1-1: medium (threads=2, time=1.48 ms)
  Stages 2-4: big (threads=2, time=23.95 ms)
  Stages 5-9: gpu (threads=0, time=47.60 ms)

Schedule 221 (Max chunk time: 47.60 ms):
  Stages 1-1: big (threads=2, time=1.58 ms)
  Stages 2-4: medium (threads=2, time=21.16 ms)
  Stages 5-9: gpu (threads=0, time=47.60 ms)

Schedule 222 (Max chunk time: 47.60 ms):
  Stages 1-2: little (threads=4, time=4.52 ms)
  Stages 3-4: medium (threads=2, time=20.91 ms)
  Stages 5-9: gpu (threads=0, time=47.60 ms)

Schedule 223 (Max chunk time: 47.60 ms):
  Stages 1-2: little (threads=4, time=4.52 ms)
  Stages 3-4: big (threads=2, time=23.71 ms)
  Stages 5-9: gpu (threads=0, time=47.60 ms)

Schedule 224 (Max chunk time: 47.60 ms):
  Stages 1-2: medium (threads=2, time=1.72 ms)
  Stages 3-4: big (threads=2, time=23.71 ms)
  Stages 5-9: gpu (threads=0, time=47.60 ms)

Schedule 225 (Max chunk time: 47.60 ms):
  Stages 1-2: big (threads=2, time=1.81 ms)
  Stages 3-4: medium (threads=2, time=20.91 ms)
  Stages 5-9: gpu (threads=0, time=47.60 ms)

Schedule 226 (Max chunk time: 47.60 ms):
  Stages 1-3: medium (threads=2, time=22.52 ms)
  Stages 4-4: little (threads=4, time=0.21 ms)
  Stages 5-9: gpu (threads=0, time=47.60 ms)

Schedule 227 (Max chunk time: 47.60 ms):
  Stages 1-3: medium (threads=2, time=22.52 ms)
  Stages 4-4: big (threads=2, time=0.12 ms)
  Stages 5-9: gpu (threads=0, time=47.60 ms)

Schedule 228 (Max chunk time: 47.60 ms):
  Stages 1-3: big (threads=2, time=25.41 ms)
  Stages 4-4: little (threads=4, time=0.21 ms)
  Stages 5-9: gpu (threads=0, time=47.60 ms)

Schedule 229 (Max chunk time: 47.60 ms):
  Stages 1-3: big (threads=2, time=25.41 ms)
  Stages 4-4: medium (threads=2, time=0.11 ms)
  Stages 5-9: gpu (threads=0, time=47.60 ms)

Schedule 230 (Max chunk time: 47.60 ms):
  Stages 1-1: little (threads=4, time=4.23 ms)
  Stages 2-2: medium (threads=2, time=0.24 ms)
  Stages 3-4: big (threads=2, time=23.71 ms)
  Stages 5-9: gpu (threads=0, time=47.60 ms)

Schedule 231 (Max chunk time: 47.60 ms):
  Stages 1-1: little (threads=4, time=4.23 ms)
  Stages 2-2: big (threads=2, time=0.23 ms)
  Stages 3-4: medium (threads=2, time=20.91 ms)
  Stages 5-9: gpu (threads=0, time=47.60 ms)

Schedule 232 (Max chunk time: 47.60 ms):
  Stages 1-1: medium (threads=2, time=1.48 ms)
  Stages 2-2: little (threads=4, time=0.29 ms)
  Stages 3-4: big (threads=2, time=23.71 ms)
  Stages 5-9: gpu (threads=0, time=47.60 ms)

Schedule 233 (Max chunk time: 47.60 ms):
  Stages 1-1: big (threads=2, time=1.58 ms)
  Stages 2-2: little (threads=4, time=0.29 ms)
  Stages 3-4: medium (threads=2, time=20.91 ms)
  Stages 5-9: gpu (threads=0, time=47.60 ms)

Schedule 234 (Max chunk time: 47.60 ms):
  Stages 1-1: little (threads=4, time=4.23 ms)
  Stages 2-3: medium (threads=2, time=21.04 ms)
  Stages 4-4: big (threads=2, time=0.12 ms)
  Stages 5-9: gpu (threads=0, time=47.60 ms)

Schedule 235 (Max chunk time: 47.60 ms):
  Stages 1-1: little (threads=4, time=4.23 ms)
  Stages 2-3: big (threads=2, time=23.83 ms)
  Stages 4-4: medium (threads=2, time=0.11 ms)
  Stages 5-9: gpu (threads=0, time=47.60 ms)

Schedule 236 (Max chunk time: 47.60 ms):
  Stages 1-1: medium (threads=2, time=1.48 ms)
  Stages 2-3: big (threads=2, time=23.83 ms)
  Stages 4-4: little (threads=4, time=0.21 ms)
  Stages 5-9: gpu (threads=0, time=47.60 ms)

Schedule 237 (Max chunk time: 47.60 ms):
  Stages 1-1: big (threads=2, time=1.58 ms)
  Stages 2-3: medium (threads=2, time=21.04 ms)
  Stages 4-4: little (threads=4, time=0.21 ms)
  Stages 5-9: gpu (threads=0, time=47.60 ms)

Schedule 238 (Max chunk time: 47.60 ms):
  Stages 1-2: little (threads=4, time=4.52 ms)
  Stages 3-3: medium (threads=2, time=20.80 ms)
  Stages 4-4: big (threads=2, time=0.12 ms)
  Stages 5-9: gpu (threads=0, time=47.60 ms)

Schedule 239 (Max chunk time: 47.60 ms):
  Stages 1-2: little (threads=4, time=4.52 ms)
  Stages 3-3: big (threads=2, time=23.60 ms)
  Stages 4-4: medium (threads=2, time=0.11 ms)
  Stages 5-9: gpu (threads=0, time=47.60 ms)

Schedule 240 (Max chunk time: 47.60 ms):
  Stages 1-2: medium (threads=2, time=1.72 ms)
  Stages 3-3: big (threads=2, time=23.60 ms)
  Stages 4-4: little (threads=4, time=0.21 ms)
  Stages 5-9: gpu (threads=0, time=47.60 ms)

Schedule 241 (Max chunk time: 47.60 ms):
  Stages 1-2: big (threads=2, time=1.81 ms)
  Stages 3-3: medium (threads=2, time=20.80 ms)
  Stages 4-4: little (threads=4, time=0.21 ms)
  Stages 5-9: gpu (threads=0, time=47.60 ms)

Schedule 242 (Max chunk time: 48.36 ms):
  Stages 1-3: medium (threads=2, time=22.52 ms)
  Stages 4-9: gpu (threads=0, time=48.36 ms)

Schedule 243 (Max chunk time: 48.36 ms):
  Stages 1-3: big (threads=2, time=25.41 ms)
  Stages 4-9: gpu (threads=0, time=48.36 ms)

Schedule 244 (Max chunk time: 48.36 ms):
  Stages 1-1: little (threads=4, time=4.23 ms)
  Stages 2-3: medium (threads=2, time=21.04 ms)
  Stages 4-9: gpu (threads=0, time=48.36 ms)

Schedule 245 (Max chunk time: 48.36 ms):
  Stages 1-1: little (threads=4, time=4.23 ms)
  Stages 2-3: big (threads=2, time=23.83 ms)
  Stages 4-9: gpu (threads=0, time=48.36 ms)

Schedule 246 (Max chunk time: 48.36 ms):
  Stages 1-1: medium (threads=2, time=1.48 ms)
  Stages 2-3: big (threads=2, time=23.83 ms)
  Stages 4-9: gpu (threads=0, time=48.36 ms)

Schedule 247 (Max chunk time: 48.36 ms):
  Stages 1-1: big (threads=2, time=1.58 ms)
  Stages 2-3: medium (threads=2, time=21.04 ms)
  Stages 4-9: gpu (threads=0, time=48.36 ms)

Schedule 248 (Max chunk time: 48.36 ms):
  Stages 1-2: little (threads=4, time=4.52 ms)
  Stages 3-3: medium (threads=2, time=20.80 ms)
  Stages 4-9: gpu (threads=0, time=48.36 ms)

Schedule 249 (Max chunk time: 48.36 ms):
  Stages 1-2: little (threads=4, time=4.52 ms)
  Stages 3-3: big (threads=2, time=23.60 ms)
  Stages 4-9: gpu (threads=0, time=48.36 ms)

Schedule 250 (Max chunk time: 48.36 ms):
  Stages 1-2: medium (threads=2, time=1.72 ms)
  Stages 3-3: big (threads=2, time=23.60 ms)
  Stages 4-9: gpu (threads=0, time=48.36 ms)

Schedule 251 (Max chunk time: 48.36 ms):
  Stages 1-2: big (threads=2, time=1.81 ms)
  Stages 3-3: medium (threads=2, time=20.80 ms)
  Stages 4-9: gpu (threads=0, time=48.36 ms)

Schedule 252 (Max chunk time: 48.36 ms):
  Stages 1-1: little (threads=4, time=4.23 ms)
  Stages 2-2: medium (threads=2, time=0.24 ms)
  Stages 3-3: big (threads=2, time=23.60 ms)
  Stages 4-9: gpu (threads=0, time=48.36 ms)

Schedule 253 (Max chunk time: 48.36 ms):
  Stages 1-1: little (threads=4, time=4.23 ms)
  Stages 2-2: big (threads=2, time=0.23 ms)
  Stages 3-3: medium (threads=2, time=20.80 ms)
  Stages 4-9: gpu (threads=0, time=48.36 ms)

Schedule 254 (Max chunk time: 48.36 ms):
  Stages 1-1: medium (threads=2, time=1.48 ms)
  Stages 2-2: little (threads=4, time=0.29 ms)
  Stages 3-3: big (threads=2, time=23.60 ms)
  Stages 4-9: gpu (threads=0, time=48.36 ms)

Schedule 255 (Max chunk time: 48.36 ms):
  Stages 1-1: big (threads=2, time=1.58 ms)
  Stages 2-2: little (threads=4, time=0.29 ms)
  Stages 3-3: medium (threads=2, time=20.80 ms)
  Stages 4-9: gpu (threads=0, time=48.36 ms)

Schedule 256 (Max chunk time: 50.80 ms):
  Stages 1-5: gpu (threads=0, time=21.09 ms)
  Stages 6-6: big (threads=2, time=50.80 ms)
  Stages 7-9: medium (threads=2, time=30.77 ms)

Schedule 257 (Max chunk time: 50.80 ms):
  Stages 1-1: little (threads=4, time=4.23 ms)
  Stages 2-5: gpu (threads=0, time=19.57 ms)
  Stages 6-6: big (threads=2, time=50.80 ms)
  Stages 7-9: medium (threads=2, time=30.77 ms)

Schedule 258 (Max chunk time: 50.80 ms):
  Stages 1-2: little (threads=4, time=4.52 ms)
  Stages 3-5: gpu (threads=0, time=18.83 ms)
  Stages 6-6: big (threads=2, time=50.80 ms)
  Stages 7-9: medium (threads=2, time=30.77 ms)

Schedule 259 (Max chunk time: 50.80 ms):
  Stages 1-5: gpu (threads=0, time=21.09 ms)
  Stages 6-6: big (threads=2, time=50.80 ms)
  Stages 7-7: medium (threads=2, time=30.70 ms)
  Stages 8-9: little (threads=4, time=0.12 ms)

Schedule 260 (Max chunk time: 50.80 ms):
  Stages 1-5: gpu (threads=0, time=21.09 ms)
  Stages 6-6: big (threads=2, time=50.80 ms)
  Stages 7-8: medium (threads=2, time=30.75 ms)
  Stages 9-9: little (threads=4, time=0.05 ms)

Schedule 261 (Max chunk time: 52.11 ms):
  Stages 1-2: little (threads=4, time=4.52 ms)
  Stages 3-5: medium (threads=2, time=52.11 ms)
  Stages 6-9: gpu (threads=0, time=38.22 ms)

Schedule 262 (Max chunk time: 52.11 ms):
  Stages 1-2: big (threads=2, time=1.81 ms)
  Stages 3-5: medium (threads=2, time=52.11 ms)
  Stages 6-9: gpu (threads=0, time=38.22 ms)

Schedule 263 (Max chunk time: 52.11 ms):
  Stages 1-1: little (threads=4, time=4.23 ms)
  Stages 2-2: big (threads=2, time=0.23 ms)
  Stages 3-5: medium (threads=2, time=52.11 ms)
  Stages 6-9: gpu (threads=0, time=38.22 ms)

Schedule 264 (Max chunk time: 52.11 ms):
  Stages 1-1: big (threads=2, time=1.58 ms)
  Stages 2-2: little (threads=4, time=0.29 ms)
  Stages 3-5: medium (threads=2, time=52.11 ms)
  Stages 6-9: gpu (threads=0, time=38.22 ms)

Schedule 265 (Max chunk time: 52.11 ms):
  Stages 1-2: little (threads=4, time=4.52 ms)
  Stages 3-5: medium (threads=2, time=52.11 ms)
  Stages 6-6: big (threads=2, time=50.80 ms)
  Stages 7-9: gpu (threads=0, time=24.82 ms)

Schedule 266 (Max chunk time: 52.11 ms):
  Stages 1-2: little (threads=4, time=4.52 ms)
  Stages 3-5: medium (threads=2, time=52.11 ms)
  Stages 6-6: gpu (threads=0, time=13.40 ms)
  Stages 7-9: big (threads=2, time=33.16 ms)

Schedule 267 (Max chunk time: 52.11 ms):
  Stages 1-2: little (threads=4, time=4.52 ms)
  Stages 3-5: medium (threads=2, time=52.11 ms)
  Stages 6-7: gpu (threads=0, time=24.00 ms)
  Stages 8-9: big (threads=2, time=0.06 ms)

Schedule 268 (Max chunk time: 52.11 ms):
  Stages 1-2: big (threads=2, time=1.81 ms)
  Stages 3-5: medium (threads=2, time=52.11 ms)
  Stages 6-7: gpu (threads=0, time=24.00 ms)
  Stages 8-9: little (threads=4, time=0.12 ms)

Schedule 269 (Max chunk time: 52.11 ms):
  Stages 1-2: little (threads=4, time=4.52 ms)
  Stages 3-5: medium (threads=2, time=52.11 ms)
  Stages 6-8: gpu (threads=0, time=24.72 ms)
  Stages 9-9: big (threads=2, time=0.02 ms)

Schedule 270 (Max chunk time: 52.11 ms):
  Stages 1-2: big (threads=2, time=1.81 ms)
  Stages 3-5: medium (threads=2, time=52.11 ms)
  Stages 6-8: gpu (threads=0, time=24.72 ms)
  Stages 9-9: little (threads=4, time=0.05 ms)

Schedule 271 (Max chunk time: 52.36 ms):
  Stages 1-1: little (threads=4, time=4.23 ms)
  Stages 2-5: medium (threads=2, time=52.36 ms)
  Stages 6-9: gpu (threads=0, time=38.22 ms)

Schedule 272 (Max chunk time: 52.36 ms):
  Stages 1-1: big (threads=2, time=1.58 ms)
  Stages 2-5: medium (threads=2, time=52.36 ms)
  Stages 6-9: gpu (threads=0, time=38.22 ms)

Schedule 273 (Max chunk time: 52.36 ms):
  Stages 1-1: little (threads=4, time=4.23 ms)
  Stages 2-5: medium (threads=2, time=52.36 ms)
  Stages 6-6: big (threads=2, time=50.80 ms)
  Stages 7-9: gpu (threads=0, time=24.82 ms)

Schedule 274 (Max chunk time: 52.36 ms):
  Stages 1-1: little (threads=4, time=4.23 ms)
  Stages 2-5: medium (threads=2, time=52.36 ms)
  Stages 6-6: gpu (threads=0, time=13.40 ms)
  Stages 7-9: big (threads=2, time=33.16 ms)

Schedule 275 (Max chunk time: 52.36 ms):
  Stages 1-1: little (threads=4, time=4.23 ms)
  Stages 2-5: medium (threads=2, time=52.36 ms)
  Stages 6-7: gpu (threads=0, time=24.00 ms)
  Stages 8-9: big (threads=2, time=0.06 ms)

Schedule 276 (Max chunk time: 52.36 ms):
  Stages 1-1: big (threads=2, time=1.58 ms)
  Stages 2-5: medium (threads=2, time=52.36 ms)
  Stages 6-7: gpu (threads=0, time=24.00 ms)
  Stages 8-9: little (threads=4, time=0.12 ms)

Schedule 277 (Max chunk time: 52.36 ms):
  Stages 1-1: little (threads=4, time=4.23 ms)
  Stages 2-5: medium (threads=2, time=52.36 ms)
  Stages 6-8: gpu (threads=0, time=24.72 ms)
  Stages 9-9: big (threads=2, time=0.02 ms)

Schedule 278 (Max chunk time: 52.36 ms):
  Stages 1-1: big (threads=2, time=1.58 ms)
  Stages 2-5: medium (threads=2, time=52.36 ms)
  Stages 6-8: gpu (threads=0, time=24.72 ms)
  Stages 9-9: little (threads=4, time=0.05 ms)

Schedule 279 (Max chunk time: 53.84 ms):
  Stages 1-5: medium (threads=2, time=53.84 ms)
  Stages 6-9: gpu (threads=0, time=38.22 ms)

Schedule 280 (Max chunk time: 53.84 ms):
  Stages 1-5: medium (threads=2, time=53.84 ms)
  Stages 6-6: big (threads=2, time=50.80 ms)
  Stages 7-9: gpu (threads=0, time=24.82 ms)

Schedule 281 (Max chunk time: 53.84 ms):
  Stages 1-5: medium (threads=2, time=53.84 ms)
  Stages 6-6: gpu (threads=0, time=13.40 ms)
  Stages 7-9: big (threads=2, time=33.16 ms)

Schedule 282 (Max chunk time: 53.84 ms):
  Stages 1-5: medium (threads=2, time=53.84 ms)
  Stages 6-7: gpu (threads=0, time=24.00 ms)
  Stages 8-9: little (threads=4, time=0.12 ms)

Schedule 283 (Max chunk time: 53.84 ms):
  Stages 1-5: medium (threads=2, time=53.84 ms)
  Stages 6-7: gpu (threads=0, time=24.00 ms)
  Stages 8-9: big (threads=2, time=0.06 ms)

Schedule 284 (Max chunk time: 53.84 ms):
  Stages 1-5: medium (threads=2, time=53.84 ms)
  Stages 6-8: gpu (threads=0, time=24.72 ms)
  Stages 9-9: little (threads=4, time=0.05 ms)

Schedule 285 (Max chunk time: 53.84 ms):
  Stages 1-5: medium (threads=2, time=53.84 ms)
  Stages 6-8: gpu (threads=0, time=24.72 ms)
  Stages 9-9: big (threads=2, time=0.02 ms)

Schedule 286 (Max chunk time: 53.84 ms):
  Stages 1-5: medium (threads=2, time=53.84 ms)
  Stages 6-6: big (threads=2, time=50.80 ms)
  Stages 7-7: gpu (threads=0, time=10.60 ms)
  Stages 8-9: little (threads=4, time=0.12 ms)

Schedule 287 (Max chunk time: 53.84 ms):
  Stages 1-5: medium (threads=2, time=53.84 ms)
  Stages 6-6: gpu (threads=0, time=13.40 ms)
  Stages 7-7: big (threads=2, time=33.10 ms)
  Stages 8-9: little (threads=4, time=0.12 ms)

Schedule 288 (Max chunk time: 53.84 ms):
  Stages 1-5: medium (threads=2, time=53.84 ms)
  Stages 6-6: big (threads=2, time=50.80 ms)
  Stages 7-8: gpu (threads=0, time=11.32 ms)
  Stages 9-9: little (threads=4, time=0.05 ms)

Schedule 289 (Max chunk time: 53.84 ms):
  Stages 1-5: medium (threads=2, time=53.84 ms)
  Stages 6-6: gpu (threads=0, time=13.40 ms)
  Stages 7-8: big (threads=2, time=33.14 ms)
  Stages 9-9: little (threads=4, time=0.05 ms)

Schedule 290 (Max chunk time: 53.84 ms):
  Stages 1-5: medium (threads=2, time=53.84 ms)
  Stages 6-7: gpu (threads=0, time=24.00 ms)
  Stages 8-8: little (threads=4, time=0.07 ms)
  Stages 9-9: big (threads=2, time=0.02 ms)

Schedule 291 (Max chunk time: 53.84 ms):
  Stages 1-5: medium (threads=2, time=53.84 ms)
  Stages 6-7: gpu (threads=0, time=24.00 ms)
  Stages 8-8: big (threads=2, time=0.04 ms)
  Stages 9-9: little (threads=4, time=0.05 ms)

Schedule 292 (Max chunk time: 57.05 ms):
  Stages 1-2: little (threads=4, time=4.52 ms)
  Stages 3-9: gpu (threads=0, time=57.05 ms)

Schedule 293 (Max chunk time: 57.05 ms):
  Stages 1-2: medium (threads=2, time=1.72 ms)
  Stages 3-9: gpu (threads=0, time=57.05 ms)

Schedule 294 (Max chunk time: 57.05 ms):
  Stages 1-2: big (threads=2, time=1.81 ms)
  Stages 3-9: gpu (threads=0, time=57.05 ms)

Schedule 295 (Max chunk time: 57.05 ms):
  Stages 1-1: little (threads=4, time=4.23 ms)
  Stages 2-2: medium (threads=2, time=0.24 ms)
  Stages 3-9: gpu (threads=0, time=57.05 ms)

Schedule 296 (Max chunk time: 57.05 ms):
  Stages 1-1: little (threads=4, time=4.23 ms)
  Stages 2-2: big (threads=2, time=0.23 ms)
  Stages 3-9: gpu (threads=0, time=57.05 ms)

Schedule 297 (Max chunk time: 57.05 ms):
  Stages 1-1: medium (threads=2, time=1.48 ms)
  Stages 2-2: little (threads=4, time=0.29 ms)
  Stages 3-9: gpu (threads=0, time=57.05 ms)

Schedule 298 (Max chunk time: 57.05 ms):
  Stages 1-1: medium (threads=2, time=1.48 ms)
  Stages 2-2: big (threads=2, time=0.23 ms)
  Stages 3-9: gpu (threads=0, time=57.05 ms)

Schedule 299 (Max chunk time: 57.05 ms):
  Stages 1-1: big (threads=2, time=1.58 ms)
  Stages 2-2: little (threads=4, time=0.29 ms)
  Stages 3-9: gpu (threads=0, time=57.05 ms)

Schedule 300 (Max chunk time: 57.05 ms):
  Stages 1-1: big (threads=2, time=1.58 ms)
  Stages 2-2: medium (threads=2, time=0.24 ms)
  Stages 3-9: gpu (threads=0, time=57.05 ms)

Schedule 301 (Max chunk time: 57.80 ms):
  Stages 1-1: little (threads=4, time=4.23 ms)
  Stages 2-9: gpu (threads=0, time=57.80 ms)

Schedule 302 (Max chunk time: 57.80 ms):
  Stages 1-1: medium (threads=2, time=1.48 ms)
  Stages 2-9: gpu (threads=0, time=57.80 ms)

Schedule 303 (Max chunk time: 57.80 ms):
  Stages 1-1: big (threads=2, time=1.58 ms)
  Stages 2-9: gpu (threads=0, time=57.80 ms)

Schedule 304 (Max chunk time: 59.31 ms):
  Stages 1-9: gpu (threads=0, time=59.31 ms)

Schedule 305 (Max chunk time: 59.80 ms):
  Stages 1-2: medium (threads=2, time=1.72 ms)
  Stages 3-3: little (threads=4, time=59.80 ms)
  Stages 4-9: gpu (threads=0, time=48.36 ms)

Schedule 306 (Max chunk time: 59.80 ms):
  Stages 1-2: big (threads=2, time=1.81 ms)
  Stages 3-3: little (threads=4, time=59.80 ms)
  Stages 4-9: gpu (threads=0, time=48.36 ms)

Schedule 307 (Max chunk time: 59.80 ms):
  Stages 1-1: medium (threads=2, time=1.48 ms)
  Stages 2-2: big (threads=2, time=0.23 ms)
  Stages 3-3: little (threads=4, time=59.80 ms)
  Stages 4-9: gpu (threads=0, time=48.36 ms)

Schedule 308 (Max chunk time: 59.80 ms):
  Stages 1-1: big (threads=2, time=1.58 ms)
  Stages 2-2: medium (threads=2, time=0.24 ms)
  Stages 3-3: little (threads=4, time=59.80 ms)
  Stages 4-9: gpu (threads=0, time=48.36 ms)

Schedule 309 (Max chunk time: 59.80 ms):
  Stages 1-2: medium (threads=2, time=1.72 ms)
  Stages 3-3: little (threads=4, time=59.80 ms)
  Stages 4-4: big (threads=2, time=0.12 ms)
  Stages 5-9: gpu (threads=0, time=47.60 ms)

Schedule 310 (Max chunk time: 59.80 ms):
  Stages 1-2: big (threads=2, time=1.81 ms)
  Stages 3-3: little (threads=4, time=59.80 ms)
  Stages 4-4: medium (threads=2, time=0.11 ms)
  Stages 5-9: gpu (threads=0, time=47.60 ms)

Schedule 311 (Max chunk time: 59.80 ms):
  Stages 1-2: medium (threads=2, time=1.72 ms)
  Stages 3-3: little (threads=4, time=59.80 ms)
  Stages 4-5: big (threads=2, time=36.22 ms)
  Stages 6-9: gpu (threads=0, time=38.22 ms)

Schedule 312 (Max chunk time: 59.80 ms):
  Stages 1-2: big (threads=2, time=1.81 ms)
  Stages 3-3: little (threads=4, time=59.80 ms)
  Stages 4-5: medium (threads=2, time=31.31 ms)
  Stages 6-9: gpu (threads=0, time=38.22 ms)

Schedule 313 (Max chunk time: 59.80 ms):
  Stages 1-2: medium (threads=2, time=1.72 ms)
  Stages 3-3: little (threads=4, time=59.80 ms)
  Stages 4-6: gpu (threads=0, time=23.54 ms)
  Stages 7-9: big (threads=2, time=33.16 ms)

Schedule 314 (Max chunk time: 59.80 ms):
  Stages 1-2: big (threads=2, time=1.81 ms)
  Stages 3-3: little (threads=4, time=59.80 ms)
  Stages 4-6: gpu (threads=0, time=23.54 ms)
  Stages 7-9: medium (threads=2, time=30.77 ms)

Schedule 315 (Max chunk time: 59.80 ms):
  Stages 1-2: medium (threads=2, time=1.72 ms)
  Stages 3-3: little (threads=4, time=59.80 ms)
  Stages 4-7: gpu (threads=0, time=34.14 ms)
  Stages 8-9: big (threads=2, time=0.06 ms)

Schedule 316 (Max chunk time: 59.80 ms):
  Stages 1-2: big (threads=2, time=1.81 ms)
  Stages 3-3: little (threads=4, time=59.80 ms)
  Stages 4-7: gpu (threads=0, time=34.14 ms)
  Stages 8-9: medium (threads=2, time=0.07 ms)

Schedule 317 (Max chunk time: 59.80 ms):
  Stages 1-2: medium (threads=2, time=1.72 ms)
  Stages 3-3: little (threads=4, time=59.80 ms)
  Stages 4-8: gpu (threads=0, time=34.86 ms)
  Stages 9-9: big (threads=2, time=0.02 ms)

Schedule 318 (Max chunk time: 59.80 ms):
  Stages 1-2: big (threads=2, time=1.81 ms)
  Stages 3-3: little (threads=4, time=59.80 ms)
  Stages 4-8: gpu (threads=0, time=34.86 ms)
  Stages 9-9: medium (threads=2, time=0.02 ms)

Schedule 319 (Max chunk time: 59.81 ms):
  Stages 1-2: little (threads=4, time=4.52 ms)
  Stages 3-5: big (threads=2, time=59.81 ms)
  Stages 6-9: gpu (threads=0, time=38.22 ms)

Schedule 320 (Max chunk time: 59.81 ms):
  Stages 1-2: medium (threads=2, time=1.72 ms)
  Stages 3-5: big (threads=2, time=59.81 ms)
  Stages 6-9: gpu (threads=0, time=38.22 ms)

Schedule 321 (Max chunk time: 59.81 ms):
  Stages 1-1: little (threads=4, time=4.23 ms)
  Stages 2-2: medium (threads=2, time=0.24 ms)
  Stages 3-5: big (threads=2, time=59.81 ms)
  Stages 6-9: gpu (threads=0, time=38.22 ms)

Schedule 322 (Max chunk time: 59.81 ms):
  Stages 1-1: medium (threads=2, time=1.48 ms)
  Stages 2-2: little (threads=4, time=0.29 ms)
  Stages 3-5: big (threads=2, time=59.81 ms)
  Stages 6-9: gpu (threads=0, time=38.22 ms)

Schedule 323 (Max chunk time: 59.81 ms):
  Stages 1-2: little (threads=4, time=4.52 ms)
  Stages 3-5: big (threads=2, time=59.81 ms)
  Stages 6-6: medium (threads=2, time=45.90 ms)
  Stages 7-9: gpu (threads=0, time=24.82 ms)

Schedule 324 (Max chunk time: 59.81 ms):
  Stages 1-2: little (threads=4, time=4.52 ms)
  Stages 3-5: big (threads=2, time=59.81 ms)
  Stages 6-6: gpu (threads=0, time=13.40 ms)
  Stages 7-9: medium (threads=2, time=30.77 ms)

Schedule 325 (Max chunk time: 59.81 ms):
  Stages 1-2: little (threads=4, time=4.52 ms)
  Stages 3-5: big (threads=2, time=59.81 ms)
  Stages 6-7: gpu (threads=0, time=24.00 ms)
  Stages 8-9: medium (threads=2, time=0.07 ms)

Schedule 326 (Max chunk time: 59.81 ms):
  Stages 1-2: medium (threads=2, time=1.72 ms)
  Stages 3-5: big (threads=2, time=59.81 ms)
  Stages 6-7: gpu (threads=0, time=24.00 ms)
  Stages 8-9: little (threads=4, time=0.12 ms)

Schedule 327 (Max chunk time: 59.81 ms):
  Stages 1-2: little (threads=4, time=4.52 ms)
  Stages 3-5: big (threads=2, time=59.81 ms)
  Stages 6-8: gpu (threads=0, time=24.72 ms)
  Stages 9-9: medium (threads=2, time=0.02 ms)

Schedule 328 (Max chunk time: 59.81 ms):
  Stages 1-2: medium (threads=2, time=1.72 ms)
  Stages 3-5: big (threads=2, time=59.81 ms)
  Stages 6-8: gpu (threads=0, time=24.72 ms)
  Stages 9-9: little (threads=4, time=0.05 ms)

Schedule 329 (Max chunk time: 60.01 ms):
  Stages 1-2: medium (threads=2, time=1.72 ms)
  Stages 3-4: little (threads=4, time=60.01 ms)
  Stages 5-9: gpu (threads=0, time=47.60 ms)

Schedule 330 (Max chunk time: 60.01 ms):
  Stages 1-2: big (threads=2, time=1.81 ms)
  Stages 3-4: little (threads=4, time=60.01 ms)
  Stages 5-9: gpu (threads=0, time=47.60 ms)

Schedule 331 (Max chunk time: 60.01 ms):
  Stages 1-1: medium (threads=2, time=1.48 ms)
  Stages 2-2: big (threads=2, time=0.23 ms)
  Stages 3-4: little (threads=4, time=60.01 ms)
  Stages 5-9: gpu (threads=0, time=47.60 ms)

Schedule 332 (Max chunk time: 60.01 ms):
  Stages 1-1: big (threads=2, time=1.58 ms)
  Stages 2-2: medium (threads=2, time=0.24 ms)
  Stages 3-4: little (threads=4, time=60.01 ms)
  Stages 5-9: gpu (threads=0, time=47.60 ms)

Schedule 333 (Max chunk time: 60.01 ms):
  Stages 1-2: medium (threads=2, time=1.72 ms)
  Stages 3-4: little (threads=4, time=60.01 ms)
  Stages 5-5: big (threads=2, time=36.10 ms)
  Stages 6-9: gpu (threads=0, time=38.22 ms)

Schedule 334 (Max chunk time: 60.01 ms):
  Stages 1-2: big (threads=2, time=1.81 ms)
  Stages 3-4: little (threads=4, time=60.01 ms)
  Stages 5-5: medium (threads=2, time=31.20 ms)
  Stages 6-9: gpu (threads=0, time=38.22 ms)

Schedule 335 (Max chunk time: 60.01 ms):
  Stages 1-2: medium (threads=2, time=1.72 ms)
  Stages 3-4: little (threads=4, time=60.01 ms)
  Stages 5-6: gpu (threads=0, time=22.78 ms)
  Stages 7-9: big (threads=2, time=33.16 ms)

Schedule 336 (Max chunk time: 60.01 ms):
  Stages 1-2: big (threads=2, time=1.81 ms)
  Stages 3-4: little (threads=4, time=60.01 ms)
  Stages 5-6: gpu (threads=0, time=22.78 ms)
  Stages 7-9: medium (threads=2, time=30.77 ms)

Schedule 337 (Max chunk time: 60.01 ms):
  Stages 1-2: medium (threads=2, time=1.72 ms)
  Stages 3-4: little (threads=4, time=60.01 ms)
  Stages 5-7: gpu (threads=0, time=33.38 ms)
  Stages 8-9: big (threads=2, time=0.06 ms)

Schedule 338 (Max chunk time: 60.01 ms):
  Stages 1-2: big (threads=2, time=1.81 ms)
  Stages 3-4: little (threads=4, time=60.01 ms)
  Stages 5-7: gpu (threads=0, time=33.38 ms)
  Stages 8-9: medium (threads=2, time=0.07 ms)

Schedule 339 (Max chunk time: 60.01 ms):
  Stages 1-2: medium (threads=2, time=1.72 ms)
  Stages 3-4: little (threads=4, time=60.01 ms)
  Stages 5-8: gpu (threads=0, time=34.10 ms)
  Stages 9-9: big (threads=2, time=0.02 ms)

Schedule 340 (Max chunk time: 60.01 ms):
  Stages 1-2: big (threads=2, time=1.81 ms)
  Stages 3-4: little (threads=4, time=60.01 ms)
  Stages 5-8: gpu (threads=0, time=34.10 ms)
  Stages 9-9: medium (threads=2, time=0.02 ms)

Schedule 341 (Max chunk time: 60.05 ms):
  Stages 1-1: little (threads=4, time=4.23 ms)
  Stages 2-5: big (threads=2, time=60.05 ms)
  Stages 6-9: gpu (threads=0, time=38.22 ms)

Schedule 342 (Max chunk time: 60.05 ms):
  Stages 1-1: medium (threads=2, time=1.48 ms)
  Stages 2-5: big (threads=2, time=60.05 ms)
  Stages 6-9: gpu (threads=0, time=38.22 ms)

Schedule 343 (Max chunk time: 60.05 ms):
  Stages 1-1: little (threads=4, time=4.23 ms)
  Stages 2-5: big (threads=2, time=60.05 ms)
  Stages 6-6: medium (threads=2, time=45.90 ms)
  Stages 7-9: gpu (threads=0, time=24.82 ms)

Schedule 344 (Max chunk time: 60.05 ms):
  Stages 1-1: little (threads=4, time=4.23 ms)
  Stages 2-5: big (threads=2, time=60.05 ms)
  Stages 6-6: gpu (threads=0, time=13.40 ms)
  Stages 7-9: medium (threads=2, time=30.77 ms)

Schedule 345 (Max chunk time: 60.05 ms):
  Stages 1-1: little (threads=4, time=4.23 ms)
  Stages 2-5: big (threads=2, time=60.05 ms)
  Stages 6-7: gpu (threads=0, time=24.00 ms)
  Stages 8-9: medium (threads=2, time=0.07 ms)

Schedule 346 (Max chunk time: 60.05 ms):
  Stages 1-1: medium (threads=2, time=1.48 ms)
  Stages 2-5: big (threads=2, time=60.05 ms)
  Stages 6-7: gpu (threads=0, time=24.00 ms)
  Stages 8-9: little (threads=4, time=0.12 ms)

Schedule 347 (Max chunk time: 60.05 ms):
  Stages 1-1: little (threads=4, time=4.23 ms)
  Stages 2-5: big (threads=2, time=60.05 ms)
  Stages 6-8: gpu (threads=0, time=24.72 ms)
  Stages 9-9: medium (threads=2, time=0.02 ms)

Schedule 348 (Max chunk time: 60.05 ms):
  Stages 1-1: medium (threads=2, time=1.48 ms)
  Stages 2-5: big (threads=2, time=60.05 ms)
  Stages 6-8: gpu (threads=0, time=24.72 ms)
  Stages 9-9: little (threads=4, time=0.05 ms)

Schedule 349 (Max chunk time: 60.09 ms):
  Stages 1-1: medium (threads=2, time=1.48 ms)
  Stages 2-3: little (threads=4, time=60.09 ms)
  Stages 4-9: gpu (threads=0, time=48.36 ms)

Schedule 350 (Max chunk time: 60.09 ms):
  Stages 1-1: big (threads=2, time=1.58 ms)
  Stages 2-3: little (threads=4, time=60.09 ms)
  Stages 4-9: gpu (threads=0, time=48.36 ms)

Schedule 351 (Max chunk time: 60.09 ms):
  Stages 1-1: medium (threads=2, time=1.48 ms)
  Stages 2-3: little (threads=4, time=60.09 ms)
  Stages 4-4: big (threads=2, time=0.12 ms)
  Stages 5-9: gpu (threads=0, time=47.60 ms)

Schedule 352 (Max chunk time: 60.09 ms):
  Stages 1-1: big (threads=2, time=1.58 ms)
  Stages 2-3: little (threads=4, time=60.09 ms)
  Stages 4-4: medium (threads=2, time=0.11 ms)
  Stages 5-9: gpu (threads=0, time=47.60 ms)

Schedule 353 (Max chunk time: 60.09 ms):
  Stages 1-1: medium (threads=2, time=1.48 ms)
  Stages 2-3: little (threads=4, time=60.09 ms)
  Stages 4-5: big (threads=2, time=36.22 ms)
  Stages 6-9: gpu (threads=0, time=38.22 ms)

Schedule 354 (Max chunk time: 60.09 ms):
  Stages 1-1: big (threads=2, time=1.58 ms)
  Stages 2-3: little (threads=4, time=60.09 ms)
  Stages 4-5: medium (threads=2, time=31.31 ms)
  Stages 6-9: gpu (threads=0, time=38.22 ms)

Schedule 355 (Max chunk time: 60.09 ms):
  Stages 1-1: medium (threads=2, time=1.48 ms)
  Stages 2-3: little (threads=4, time=60.09 ms)
  Stages 4-6: gpu (threads=0, time=23.54 ms)
  Stages 7-9: big (threads=2, time=33.16 ms)

Schedule 356 (Max chunk time: 60.09 ms):
  Stages 1-1: big (threads=2, time=1.58 ms)
  Stages 2-3: little (threads=4, time=60.09 ms)
  Stages 4-6: gpu (threads=0, time=23.54 ms)
  Stages 7-9: medium (threads=2, time=30.77 ms)

Schedule 357 (Max chunk time: 60.09 ms):
  Stages 1-1: medium (threads=2, time=1.48 ms)
  Stages 2-3: little (threads=4, time=60.09 ms)
  Stages 4-7: gpu (threads=0, time=34.14 ms)
  Stages 8-9: big (threads=2, time=0.06 ms)

Schedule 358 (Max chunk time: 60.09 ms):
  Stages 1-1: big (threads=2, time=1.58 ms)
  Stages 2-3: little (threads=4, time=60.09 ms)
  Stages 4-7: gpu (threads=0, time=34.14 ms)
  Stages 8-9: medium (threads=2, time=0.07 ms)

Schedule 359 (Max chunk time: 60.09 ms):
  Stages 1-1: medium (threads=2, time=1.48 ms)
  Stages 2-3: little (threads=4, time=60.09 ms)
  Stages 4-8: gpu (threads=0, time=34.86 ms)
  Stages 9-9: big (threads=2, time=0.02 ms)

Schedule 360 (Max chunk time: 60.09 ms):
  Stages 1-1: big (threads=2, time=1.58 ms)
  Stages 2-3: little (threads=4, time=60.09 ms)
  Stages 4-8: gpu (threads=0, time=34.86 ms)
  Stages 9-9: medium (threads=2, time=0.02 ms)

Schedule 361 (Max chunk time: 60.30 ms):
  Stages 1-1: medium (threads=2, time=1.48 ms)
  Stages 2-4: little (threads=4, time=60.30 ms)
  Stages 5-9: gpu (threads=0, time=47.60 ms)

Schedule 362 (Max chunk time: 60.30 ms):
  Stages 1-1: big (threads=2, time=1.58 ms)
  Stages 2-4: little (threads=4, time=60.30 ms)
  Stages 5-9: gpu (threads=0, time=47.60 ms)

Schedule 363 (Max chunk time: 60.30 ms):
  Stages 1-1: medium (threads=2, time=1.48 ms)
  Stages 2-4: little (threads=4, time=60.30 ms)
  Stages 5-5: big (threads=2, time=36.10 ms)
  Stages 6-9: gpu (threads=0, time=38.22 ms)

Schedule 364 (Max chunk time: 60.30 ms):
  Stages 1-1: big (threads=2, time=1.58 ms)
  Stages 2-4: little (threads=4, time=60.30 ms)
  Stages 5-5: medium (threads=2, time=31.20 ms)
  Stages 6-9: gpu (threads=0, time=38.22 ms)

Schedule 365 (Max chunk time: 60.30 ms):
  Stages 1-1: medium (threads=2, time=1.48 ms)
  Stages 2-4: little (threads=4, time=60.30 ms)
  Stages 5-6: gpu (threads=0, time=22.78 ms)
  Stages 7-9: big (threads=2, time=33.16 ms)

Schedule 366 (Max chunk time: 60.30 ms):
  Stages 1-1: big (threads=2, time=1.58 ms)
  Stages 2-4: little (threads=4, time=60.30 ms)
  Stages 5-6: gpu (threads=0, time=22.78 ms)
  Stages 7-9: medium (threads=2, time=30.77 ms)

Schedule 367 (Max chunk time: 60.30 ms):
  Stages 1-1: medium (threads=2, time=1.48 ms)
  Stages 2-4: little (threads=4, time=60.30 ms)
  Stages 5-7: gpu (threads=0, time=33.38 ms)
  Stages 8-9: big (threads=2, time=0.06 ms)

Schedule 368 (Max chunk time: 60.30 ms):
  Stages 1-1: big (threads=2, time=1.58 ms)
  Stages 2-4: little (threads=4, time=60.30 ms)
  Stages 5-7: gpu (threads=0, time=33.38 ms)
  Stages 8-9: medium (threads=2, time=0.07 ms)

Schedule 369 (Max chunk time: 60.30 ms):
  Stages 1-1: medium (threads=2, time=1.48 ms)
  Stages 2-4: little (threads=4, time=60.30 ms)
  Stages 5-8: gpu (threads=0, time=34.10 ms)
  Stages 9-9: big (threads=2, time=0.02 ms)

Schedule 370 (Max chunk time: 60.30 ms):
  Stages 1-1: big (threads=2, time=1.58 ms)
  Stages 2-4: little (threads=4, time=60.30 ms)
  Stages 5-8: gpu (threads=0, time=34.10 ms)
  Stages 9-9: medium (threads=2, time=0.02 ms)

Schedule 371 (Max chunk time: 61.63 ms):
  Stages 1-5: big (threads=2, time=61.63 ms)
  Stages 6-9: gpu (threads=0, time=38.22 ms)

Schedule 372 (Max chunk time: 61.63 ms):
  Stages 1-5: big (threads=2, time=61.63 ms)
  Stages 6-6: medium (threads=2, time=45.90 ms)
  Stages 7-9: gpu (threads=0, time=24.82 ms)

Schedule 373 (Max chunk time: 61.63 ms):
  Stages 1-5: big (threads=2, time=61.63 ms)
  Stages 6-6: gpu (threads=0, time=13.40 ms)
  Stages 7-9: medium (threads=2, time=30.77 ms)

Schedule 374 (Max chunk time: 61.63 ms):
  Stages 1-5: big (threads=2, time=61.63 ms)
  Stages 6-7: gpu (threads=0, time=24.00 ms)
  Stages 8-9: little (threads=4, time=0.12 ms)

Schedule 375 (Max chunk time: 61.63 ms):
  Stages 1-5: big (threads=2, time=61.63 ms)
  Stages 6-7: gpu (threads=0, time=24.00 ms)
  Stages 8-9: medium (threads=2, time=0.07 ms)

Schedule 376 (Max chunk time: 61.63 ms):
  Stages 1-5: big (threads=2, time=61.63 ms)
  Stages 6-8: gpu (threads=0, time=24.72 ms)
  Stages 9-9: little (threads=4, time=0.05 ms)

Schedule 377 (Max chunk time: 61.63 ms):
  Stages 1-5: big (threads=2, time=61.63 ms)
  Stages 6-8: gpu (threads=0, time=24.72 ms)
  Stages 9-9: medium (threads=2, time=0.02 ms)

Schedule 378 (Max chunk time: 61.63 ms):
  Stages 1-5: big (threads=2, time=61.63 ms)
  Stages 6-6: medium (threads=2, time=45.90 ms)
  Stages 7-7: gpu (threads=0, time=10.60 ms)
  Stages 8-9: little (threads=4, time=0.12 ms)

Schedule 379 (Max chunk time: 61.63 ms):
  Stages 1-5: big (threads=2, time=61.63 ms)
  Stages 6-6: gpu (threads=0, time=13.40 ms)
  Stages 7-7: medium (threads=2, time=30.70 ms)
  Stages 8-9: little (threads=4, time=0.12 ms)

Schedule 380 (Max chunk time: 61.63 ms):
  Stages 1-5: big (threads=2, time=61.63 ms)
  Stages 6-6: medium (threads=2, time=45.90 ms)
  Stages 7-8: gpu (threads=0, time=11.32 ms)
  Stages 9-9: little (threads=4, time=0.05 ms)

Schedule 381 (Max chunk time: 61.63 ms):
  Stages 1-5: big (threads=2, time=61.63 ms)
  Stages 6-6: gpu (threads=0, time=13.40 ms)
  Stages 7-8: medium (threads=2, time=30.75 ms)
  Stages 9-9: little (threads=4, time=0.05 ms)

Schedule 382 (Max chunk time: 61.63 ms):
  Stages 1-5: big (threads=2, time=61.63 ms)
  Stages 6-7: gpu (threads=0, time=24.00 ms)
  Stages 8-8: little (threads=4, time=0.07 ms)
  Stages 9-9: medium (threads=2, time=0.02 ms)

Schedule 383 (Max chunk time: 61.63 ms):
  Stages 1-5: big (threads=2, time=61.63 ms)
  Stages 6-7: gpu (threads=0, time=24.00 ms)
  Stages 8-8: medium (threads=2, time=0.04 ms)
  Stages 9-9: little (threads=4, time=0.05 ms)

Schedule 384 (Max chunk time: 64.32 ms):
  Stages 1-3: little (threads=4, time=64.32 ms)
  Stages 4-9: gpu (threads=0, time=48.36 ms)

Schedule 385 (Max chunk time: 64.32 ms):
  Stages 1-3: little (threads=4, time=64.32 ms)
  Stages 4-4: medium (threads=2, time=0.11 ms)
  Stages 5-9: gpu (threads=0, time=47.60 ms)

Schedule 386 (Max chunk time: 64.32 ms):
  Stages 1-3: little (threads=4, time=64.32 ms)
  Stages 4-4: big (threads=2, time=0.12 ms)
  Stages 5-9: gpu (threads=0, time=47.60 ms)

Schedule 387 (Max chunk time: 64.32 ms):
  Stages 1-3: little (threads=4, time=64.32 ms)
  Stages 4-5: medium (threads=2, time=31.31 ms)
  Stages 6-9: gpu (threads=0, time=38.22 ms)

Schedule 388 (Max chunk time: 64.32 ms):
  Stages 1-3: little (threads=4, time=64.32 ms)
  Stages 4-5: big (threads=2, time=36.22 ms)
  Stages 6-9: gpu (threads=0, time=38.22 ms)

Schedule 389 (Max chunk time: 64.32 ms):
  Stages 1-3: little (threads=4, time=64.32 ms)
  Stages 4-6: gpu (threads=0, time=23.54 ms)
  Stages 7-9: medium (threads=2, time=30.77 ms)

Schedule 390 (Max chunk time: 64.32 ms):
  Stages 1-3: little (threads=4, time=64.32 ms)
  Stages 4-6: gpu (threads=0, time=23.54 ms)
  Stages 7-9: big (threads=2, time=33.16 ms)

Schedule 391 (Max chunk time: 64.32 ms):
  Stages 1-3: little (threads=4, time=64.32 ms)
  Stages 4-7: gpu (threads=0, time=34.14 ms)
  Stages 8-9: medium (threads=2, time=0.07 ms)

Schedule 392 (Max chunk time: 64.32 ms):
  Stages 1-3: little (threads=4, time=64.32 ms)
  Stages 4-7: gpu (threads=0, time=34.14 ms)
  Stages 8-9: big (threads=2, time=0.06 ms)

Schedule 393 (Max chunk time: 64.32 ms):
  Stages 1-3: little (threads=4, time=64.32 ms)
  Stages 4-8: gpu (threads=0, time=34.86 ms)
  Stages 9-9: medium (threads=2, time=0.02 ms)

Schedule 394 (Max chunk time: 64.32 ms):
  Stages 1-3: little (threads=4, time=64.32 ms)
  Stages 4-8: gpu (threads=0, time=34.86 ms)
  Stages 9-9: big (threads=2, time=0.02 ms)

Schedule 395 (Max chunk time: 64.32 ms):
  Stages 1-3: little (threads=4, time=64.32 ms)
  Stages 4-4: medium (threads=2, time=0.11 ms)
  Stages 5-5: big (threads=2, time=36.10 ms)
  Stages 6-9: gpu (threads=0, time=38.22 ms)

Schedule 396 (Max chunk time: 64.32 ms):
  Stages 1-3: little (threads=4, time=64.32 ms)
  Stages 4-4: big (threads=2, time=0.12 ms)
  Stages 5-5: medium (threads=2, time=31.20 ms)
  Stages 6-9: gpu (threads=0, time=38.22 ms)

Schedule 397 (Max chunk time: 64.32 ms):
  Stages 1-3: little (threads=4, time=64.32 ms)
  Stages 4-4: medium (threads=2, time=0.11 ms)
  Stages 5-6: gpu (threads=0, time=22.78 ms)
  Stages 7-9: big (threads=2, time=33.16 ms)

Schedule 398 (Max chunk time: 64.32 ms):
  Stages 1-3: little (threads=4, time=64.32 ms)
  Stages 4-4: big (threads=2, time=0.12 ms)
  Stages 5-6: gpu (threads=0, time=22.78 ms)
  Stages 7-9: medium (threads=2, time=30.77 ms)

Schedule 399 (Max chunk time: 64.32 ms):
  Stages 1-3: little (threads=4, time=64.32 ms)
  Stages 4-4: medium (threads=2, time=0.11 ms)
  Stages 5-7: gpu (threads=0, time=33.38 ms)
  Stages 8-9: big (threads=2, time=0.06 ms)

Schedule 400 (Max chunk time: 64.32 ms):
  Stages 1-3: little (threads=4, time=64.32 ms)
  Stages 4-4: big (threads=2, time=0.12 ms)
  Stages 5-7: gpu (threads=0, time=33.38 ms)
  Stages 8-9: medium (threads=2, time=0.07 ms)

Schedule 401 (Max chunk time: 64.32 ms):
  Stages 1-3: little (threads=4, time=64.32 ms)
  Stages 4-4: medium (threads=2, time=0.11 ms)
  Stages 5-8: gpu (threads=0, time=34.10 ms)
  Stages 9-9: big (threads=2, time=0.02 ms)

Schedule 402 (Max chunk time: 64.32 ms):
  Stages 1-3: little (threads=4, time=64.32 ms)
  Stages 4-4: big (threads=2, time=0.12 ms)
  Stages 5-8: gpu (threads=0, time=34.10 ms)
  Stages 9-9: medium (threads=2, time=0.02 ms)

Schedule 403 (Max chunk time: 64.32 ms):
  Stages 1-3: little (threads=4, time=64.32 ms)
  Stages 4-5: medium (threads=2, time=31.31 ms)
  Stages 6-6: big (threads=2, time=50.80 ms)
  Stages 7-9: gpu (threads=0, time=24.82 ms)

Schedule 404 (Max chunk time: 64.32 ms):
  Stages 1-3: little (threads=4, time=64.32 ms)
  Stages 4-5: medium (threads=2, time=31.31 ms)
  Stages 6-6: gpu (threads=0, time=13.40 ms)
  Stages 7-9: big (threads=2, time=33.16 ms)

Schedule 405 (Max chunk time: 64.32 ms):
  Stages 1-3: little (threads=4, time=64.32 ms)
  Stages 4-5: big (threads=2, time=36.22 ms)
  Stages 6-6: medium (threads=2, time=45.90 ms)
  Stages 7-9: gpu (threads=0, time=24.82 ms)

Schedule 406 (Max chunk time: 64.32 ms):
  Stages 1-3: little (threads=4, time=64.32 ms)
  Stages 4-5: big (threads=2, time=36.22 ms)
  Stages 6-6: gpu (threads=0, time=13.40 ms)
  Stages 7-9: medium (threads=2, time=30.77 ms)

Schedule 407 (Max chunk time: 64.32 ms):
  Stages 1-3: little (threads=4, time=64.32 ms)
  Stages 4-5: gpu (threads=0, time=10.14 ms)
  Stages 6-6: medium (threads=2, time=45.90 ms)
  Stages 7-9: big (threads=2, time=33.16 ms)

Schedule 408 (Max chunk time: 64.32 ms):
  Stages 1-3: little (threads=4, time=64.32 ms)
  Stages 4-5: gpu (threads=0, time=10.14 ms)
  Stages 6-6: big (threads=2, time=50.80 ms)
  Stages 7-9: medium (threads=2, time=30.77 ms)

Schedule 409 (Max chunk time: 64.32 ms):
  Stages 1-3: little (threads=4, time=64.32 ms)
  Stages 4-5: medium (threads=2, time=31.31 ms)
  Stages 6-7: gpu (threads=0, time=24.00 ms)
  Stages 8-9: big (threads=2, time=0.06 ms)

Schedule 410 (Max chunk time: 64.32 ms):
  Stages 1-3: little (threads=4, time=64.32 ms)
  Stages 4-5: big (threads=2, time=36.22 ms)
  Stages 6-7: gpu (threads=0, time=24.00 ms)
  Stages 8-9: medium (threads=2, time=0.07 ms)

Schedule 411 (Max chunk time: 64.32 ms):
  Stages 1-3: little (threads=4, time=64.32 ms)
  Stages 4-5: medium (threads=2, time=31.31 ms)
  Stages 6-8: gpu (threads=0, time=24.72 ms)
  Stages 9-9: big (threads=2, time=0.02 ms)

Schedule 412 (Max chunk time: 64.32 ms):
  Stages 1-3: little (threads=4, time=64.32 ms)
  Stages 4-5: big (threads=2, time=36.22 ms)
  Stages 6-8: gpu (threads=0, time=24.72 ms)
  Stages 9-9: medium (threads=2, time=0.02 ms)

Schedule 413 (Max chunk time: 64.32 ms):
  Stages 1-3: little (threads=4, time=64.32 ms)
  Stages 4-6: gpu (threads=0, time=23.54 ms)
  Stages 7-7: medium (threads=2, time=30.70 ms)
  Stages 8-9: big (threads=2, time=0.06 ms)

Schedule 414 (Max chunk time: 64.32 ms):
  Stages 1-3: little (threads=4, time=64.32 ms)
  Stages 4-6: gpu (threads=0, time=23.54 ms)
  Stages 7-7: big (threads=2, time=33.10 ms)
  Stages 8-9: medium (threads=2, time=0.07 ms)

Schedule 415 (Max chunk time: 64.32 ms):
  Stages 1-3: little (threads=4, time=64.32 ms)
  Stages 4-6: gpu (threads=0, time=23.54 ms)
  Stages 7-8: medium (threads=2, time=30.75 ms)
  Stages 9-9: big (threads=2, time=0.02 ms)

Schedule 416 (Max chunk time: 64.32 ms):
  Stages 1-3: little (threads=4, time=64.32 ms)
  Stages 4-6: gpu (threads=0, time=23.54 ms)
  Stages 7-8: big (threads=2, time=33.14 ms)
  Stages 9-9: medium (threads=2, time=0.02 ms)

Schedule 417 (Max chunk time: 64.32 ms):
  Stages 1-3: little (threads=4, time=64.32 ms)
  Stages 4-7: gpu (threads=0, time=34.14 ms)
  Stages 8-8: medium (threads=2, time=0.04 ms)
  Stages 9-9: big (threads=2, time=0.02 ms)

Schedule 418 (Max chunk time: 64.32 ms):
  Stages 1-3: little (threads=4, time=64.32 ms)
  Stages 4-7: gpu (threads=0, time=34.14 ms)
  Stages 8-8: big (threads=2, time=0.04 ms)
  Stages 9-9: medium (threads=2, time=0.02 ms)

Schedule 419 (Max chunk time: 64.53 ms):
  Stages 1-4: little (threads=4, time=64.53 ms)
  Stages 5-9: gpu (threads=0, time=47.60 ms)

Schedule 420 (Max chunk time: 64.53 ms):
  Stages 1-4: little (threads=4, time=64.53 ms)
  Stages 5-5: medium (threads=2, time=31.20 ms)
  Stages 6-9: gpu (threads=0, time=38.22 ms)

Schedule 421 (Max chunk time: 64.53 ms):
  Stages 1-4: little (threads=4, time=64.53 ms)
  Stages 5-5: big (threads=2, time=36.10 ms)
  Stages 6-9: gpu (threads=0, time=38.22 ms)

Schedule 422 (Max chunk time: 64.53 ms):
  Stages 1-4: little (threads=4, time=64.53 ms)
  Stages 5-6: gpu (threads=0, time=22.78 ms)
  Stages 7-9: medium (threads=2, time=30.77 ms)

Schedule 423 (Max chunk time: 64.53 ms):
  Stages 1-4: little (threads=4, time=64.53 ms)
  Stages 5-6: gpu (threads=0, time=22.78 ms)
  Stages 7-9: big (threads=2, time=33.16 ms)

Schedule 424 (Max chunk time: 64.53 ms):
  Stages 1-4: little (threads=4, time=64.53 ms)
  Stages 5-7: gpu (threads=0, time=33.38 ms)
  Stages 8-9: medium (threads=2, time=0.07 ms)

Schedule 425 (Max chunk time: 64.53 ms):
  Stages 1-4: little (threads=4, time=64.53 ms)
  Stages 5-7: gpu (threads=0, time=33.38 ms)
  Stages 8-9: big (threads=2, time=0.06 ms)

Schedule 426 (Max chunk time: 64.53 ms):
  Stages 1-4: little (threads=4, time=64.53 ms)
  Stages 5-8: gpu (threads=0, time=34.10 ms)
  Stages 9-9: medium (threads=2, time=0.02 ms)

Schedule 427 (Max chunk time: 64.53 ms):
  Stages 1-4: little (threads=4, time=64.53 ms)
  Stages 5-8: gpu (threads=0, time=34.10 ms)
  Stages 9-9: big (threads=2, time=0.02 ms)

Schedule 428 (Max chunk time: 64.53 ms):
  Stages 1-4: little (threads=4, time=64.53 ms)
  Stages 5-5: medium (threads=2, time=31.20 ms)
  Stages 6-6: big (threads=2, time=50.80 ms)
  Stages 7-9: gpu (threads=0, time=24.82 ms)

Schedule 429 (Max chunk time: 64.53 ms):
  Stages 1-4: little (threads=4, time=64.53 ms)
  Stages 5-5: medium (threads=2, time=31.20 ms)
  Stages 6-6: gpu (threads=0, time=13.40 ms)
  Stages 7-9: big (threads=2, time=33.16 ms)

Schedule 430 (Max chunk time: 64.53 ms):
  Stages 1-4: little (threads=4, time=64.53 ms)
  Stages 5-5: big (threads=2, time=36.10 ms)
  Stages 6-6: medium (threads=2, time=45.90 ms)
  Stages 7-9: gpu (threads=0, time=24.82 ms)

Schedule 431 (Max chunk time: 64.53 ms):
  Stages 1-4: little (threads=4, time=64.53 ms)
  Stages 5-5: big (threads=2, time=36.10 ms)
  Stages 6-6: gpu (threads=0, time=13.40 ms)
  Stages 7-9: medium (threads=2, time=30.77 ms)

Schedule 432 (Max chunk time: 64.53 ms):
  Stages 1-4: little (threads=4, time=64.53 ms)
  Stages 5-5: gpu (threads=0, time=9.38 ms)
  Stages 6-6: medium (threads=2, time=45.90 ms)
  Stages 7-9: big (threads=2, time=33.16 ms)

Schedule 433 (Max chunk time: 64.53 ms):
  Stages 1-4: little (threads=4, time=64.53 ms)
  Stages 5-5: gpu (threads=0, time=9.38 ms)
  Stages 6-6: big (threads=2, time=50.80 ms)
  Stages 7-9: medium (threads=2, time=30.77 ms)

Schedule 434 (Max chunk time: 64.53 ms):
  Stages 1-4: little (threads=4, time=64.53 ms)
  Stages 5-5: medium (threads=2, time=31.20 ms)
  Stages 6-7: gpu (threads=0, time=24.00 ms)
  Stages 8-9: big (threads=2, time=0.06 ms)

Schedule 435 (Max chunk time: 64.53 ms):
  Stages 1-4: little (threads=4, time=64.53 ms)
  Stages 5-5: big (threads=2, time=36.10 ms)
  Stages 6-7: gpu (threads=0, time=24.00 ms)
  Stages 8-9: medium (threads=2, time=0.07 ms)

Schedule 436 (Max chunk time: 64.53 ms):
  Stages 1-4: little (threads=4, time=64.53 ms)
  Stages 5-5: medium (threads=2, time=31.20 ms)
  Stages 6-8: gpu (threads=0, time=24.72 ms)
  Stages 9-9: big (threads=2, time=0.02 ms)

Schedule 437 (Max chunk time: 64.53 ms):
  Stages 1-4: little (threads=4, time=64.53 ms)
  Stages 5-5: big (threads=2, time=36.10 ms)
  Stages 6-8: gpu (threads=0, time=24.72 ms)
  Stages 9-9: medium (threads=2, time=0.02 ms)

Schedule 438 (Max chunk time: 64.53 ms):
  Stages 1-4: little (threads=4, time=64.53 ms)
  Stages 5-6: gpu (threads=0, time=22.78 ms)
  Stages 7-7: medium (threads=2, time=30.70 ms)
  Stages 8-9: big (threads=2, time=0.06 ms)

Schedule 439 (Max chunk time: 64.53 ms):
  Stages 1-4: little (threads=4, time=64.53 ms)
  Stages 5-6: gpu (threads=0, time=22.78 ms)
  Stages 7-7: big (threads=2, time=33.10 ms)
  Stages 8-9: medium (threads=2, time=0.07 ms)

Schedule 440 (Max chunk time: 64.53 ms):
  Stages 1-4: little (threads=4, time=64.53 ms)
  Stages 5-6: gpu (threads=0, time=22.78 ms)
  Stages 7-8: medium (threads=2, time=30.75 ms)
  Stages 9-9: big (threads=2, time=0.02 ms)

Schedule 441 (Max chunk time: 64.53 ms):
  Stages 1-4: little (threads=4, time=64.53 ms)
  Stages 5-6: gpu (threads=0, time=22.78 ms)
  Stages 7-8: big (threads=2, time=33.14 ms)
  Stages 9-9: medium (threads=2, time=0.02 ms)

Schedule 442 (Max chunk time: 64.53 ms):
  Stages 1-4: little (threads=4, time=64.53 ms)
  Stages 5-7: gpu (threads=0, time=33.38 ms)
  Stages 8-8: medium (threads=2, time=0.04 ms)
  Stages 9-9: big (threads=2, time=0.02 ms)

Schedule 443 (Max chunk time: 64.53 ms):
  Stages 1-4: little (threads=4, time=64.53 ms)
  Stages 5-7: gpu (threads=0, time=33.38 ms)
  Stages 8-8: big (threads=2, time=0.04 ms)
  Stages 9-9: medium (threads=2, time=0.02 ms)

