
[1/3] Processing device: 3A021JEHN02756
Deploying and running 'test-omp-tree' on device: 3A021JEHN02756
build/android/arm64-v8a/release/test-omp-tree: 1 file pushed, 0 skipped. 485.5 MB/s (2296192 bytes in 0.005s)
Note: Google Test filter = Vulkan_Tree.Stage1
[==========] Running 0 tests from 0 test suites.
[==========] 0 tests from 0 test suites ran. (0 ms total)
[  PASSED  ] 0 tests.

[2/3] Processing device: 9b034f1b
Deploying and running 'test-omp-tree' on device: 9b034f1b
build/android/arm64-v8a/release/test-omp-tree: 1 file pushed, 0 skipped. 508.2 MB/s (2296192 bytes in 0.004s)
Note: Google Test filter = Vulkan_Tree.Stage1
[==========] Running 0 tests from 0 test suites.
[==========] 0 tests from 0 test suites ran. (0 ms total)
[  PASSED  ] 0 tests.

[3/3] Processing device: ce0717178d7758b00b7e
Deploying and running 'test-omp-tree' on device: ce0717178d7758b00b7e
build/android/arm64-v8a/release/test-omp-tree: 1 file pushed, 0 skipped. 3808.0 MB/s (2296192 bytes in 0.001s)
Note: Google Test filter = Vulkan_Tree.Stage1
[==========] Running 0 tests from 0 test suites.
[==========] 0 tests from 0 test suites ran. (1 ms total)
[  PASSED  ] 0 tests.
